CRITICAL - 2023-12-29 08:09:16 --> syntax error, unexpected end of file
in APPPATH\Views\profil\beranda_coba.php on line 133.
 1 SYSTEMPATH\View\View.php(231): CodeIgniter\View\View->CodeIgniter\View\{closure}()
 2 SYSTEMPATH\Common.php(1190): CodeIgniter\View\View->render('profil/beranda_coba.php', [], true)
 3 APPPATH\Controllers\Web.php(39): view('profil/beranda_coba.php')
 4 SYSTEMPATH\CodeIgniter.php(939): App\Controllers\Web->coba()
 5 SYSTEMPATH\CodeIgniter.php(502): CodeIgniter\CodeIgniter->runController(Object(App\Controllers\Web))
 6 SYSTEMPATH\CodeIgniter.php(361): CodeIgniter\CodeIgniter->handleRequest(null, Object(Config\Cache), false)
 7 FCPATH\index.php(79): CodeIgniter\CodeIgniter->run()
CRITICAL - 2023-12-29 08:09:50 --> syntax error, unexpected end of file
in APPPATH\Views\profil\beranda_coba.php on line 132.
 1 SYSTEMPATH\View\View.php(231): CodeIgniter\View\View->CodeIgniter\View\{closure}()
 2 SYSTEMPATH\Common.php(1190): CodeIgniter\View\View->render('profil/beranda_coba.php', [], true)
 3 APPPATH\Controllers\Web.php(39): view('profil/beranda_coba.php')
 4 SYSTEMPATH\CodeIgniter.php(939): App\Controllers\Web->coba()
 5 SYSTEMPATH\CodeIgniter.php(502): CodeIgniter\CodeIgniter->runController(Object(App\Controllers\Web))
 6 SYSTEMPATH\CodeIgniter.php(361): CodeIgniter\CodeIgniter->handleRequest(null, Object(Config\Cache), false)
 7 FCPATH\index.php(79): CodeIgniter\CodeIgniter->run()
CRITICAL - 2023-12-29 08:10:37 --> syntax error, unexpected end of file
in APPPATH\Views\profil\beranda_coba.php on line 133.
 1 SYSTEMPATH\View\View.php(231): CodeIgniter\View\View->CodeIgniter\View\{closure}()
 2 SYSTEMPATH\Common.php(1190): CodeIgniter\View\View->render('profil/beranda_coba.php', [], true)
 3 APPPATH\Controllers\Web.php(39): view('profil/beranda_coba.php')
 4 SYSTEMPATH\CodeIgniter.php(939): App\Controllers\Web->coba()
 5 SYSTEMPATH\CodeIgniter.php(502): CodeIgniter\CodeIgniter->runController(Object(App\Controllers\Web))
 6 SYSTEMPATH\CodeIgniter.php(361): CodeIgniter\CodeIgniter->handleRequest(null, Object(Config\Cache), false)
 7 FCPATH\index.php(79): CodeIgniter\CodeIgniter->run()
CRITICAL - 2023-12-29 08:10:39 --> syntax error, unexpected end of file
in APPPATH\Views\profil\beranda_coba.php on line 133.
 1 SYSTEMPATH\View\View.php(231): CodeIgniter\View\View->CodeIgniter\View\{closure}()
 2 SYSTEMPATH\Common.php(1190): CodeIgniter\View\View->render('profil/beranda_coba.php', [], true)
 3 APPPATH\Controllers\Web.php(39): view('profil/beranda_coba.php')
 4 SYSTEMPATH\CodeIgniter.php(939): App\Controllers\Web->coba()
 5 SYSTEMPATH\CodeIgniter.php(502): CodeIgniter\CodeIgniter->runController(Object(App\Controllers\Web))
 6 SYSTEMPATH\CodeIgniter.php(361): CodeIgniter\CodeIgniter->handleRequest(null, Object(Config\Cache), false)
 7 FCPATH\index.php(79): CodeIgniter\CodeIgniter->run()
CRITICAL - 2023-12-29 08:10:51 --> syntax error, unexpected end of file
in APPPATH\Views\profil\beranda_coba.php on line 133.
 1 SYSTEMPATH\View\View.php(231): CodeIgniter\View\View->CodeIgniter\View\{closure}()
 2 SYSTEMPATH\Common.php(1190): CodeIgniter\View\View->render('profil/beranda_coba.php', [], true)
 3 APPPATH\Controllers\Web.php(39): view('profil/beranda_coba.php')
 4 SYSTEMPATH\CodeIgniter.php(939): App\Controllers\Web->coba()
 5 SYSTEMPATH\CodeIgniter.php(502): CodeIgniter\CodeIgniter->runController(Object(App\Controllers\Web))
 6 SYSTEMPATH\CodeIgniter.php(361): CodeIgniter\CodeIgniter->handleRequest(null, Object(Config\Cache), false)
 7 FCPATH\index.php(79): CodeIgniter\CodeIgniter->run()
CRITICAL - 2023-12-29 08:10:53 --> syntax error, unexpected end of file
in APPPATH\Views\profil\beranda_coba.php on line 133.
 1 SYSTEMPATH\View\View.php(231): CodeIgniter\View\View->CodeIgniter\View\{closure}()
 2 SYSTEMPATH\Common.php(1190): CodeIgniter\View\View->render('profil/beranda_coba.php', [], true)
 3 APPPATH\Controllers\Web.php(39): view('profil/beranda_coba.php')
 4 SYSTEMPATH\CodeIgniter.php(939): App\Controllers\Web->coba()
 5 SYSTEMPATH\CodeIgniter.php(502): CodeIgniter\CodeIgniter->runController(Object(App\Controllers\Web))
 6 SYSTEMPATH\CodeIgniter.php(361): CodeIgniter\CodeIgniter->handleRequest(null, Object(Config\Cache), false)
 7 FCPATH\index.php(79): CodeIgniter\CodeIgniter->run()
CRITICAL - 2023-12-29 08:11:05 --> syntax error, unexpected end of file
in APPPATH\Views\profil\beranda_coba.php on line 133.
 1 SYSTEMPATH\View\View.php(231): CodeIgniter\View\View->CodeIgniter\View\{closure}()
 2 SYSTEMPATH\Common.php(1190): CodeIgniter\View\View->render('profil/beranda_coba.php', [], true)
 3 APPPATH\Controllers\Web.php(39): view('profil/beranda_coba.php')
 4 SYSTEMPATH\CodeIgniter.php(939): App\Controllers\Web->coba()
 5 SYSTEMPATH\CodeIgniter.php(502): CodeIgniter\CodeIgniter->runController(Object(App\Controllers\Web))
 6 SYSTEMPATH\CodeIgniter.php(361): CodeIgniter\CodeIgniter->handleRequest(null, Object(Config\Cache), false)
 7 FCPATH\index.php(79): CodeIgniter\CodeIgniter->run()
CRITICAL - 2023-12-29 08:12:08 --> syntax error, unexpected end of file
in APPPATH\Views\profil\beranda_coba.php on line 132.
 1 SYSTEMPATH\View\View.php(231): CodeIgniter\View\View->CodeIgniter\View\{closure}()
 2 SYSTEMPATH\Common.php(1190): CodeIgniter\View\View->render('profil/beranda_coba.php', [], true)
 3 APPPATH\Controllers\Web.php(39): view('profil/beranda_coba.php')
 4 SYSTEMPATH\CodeIgniter.php(939): App\Controllers\Web->coba()
 5 SYSTEMPATH\CodeIgniter.php(502): CodeIgniter\CodeIgniter->runController(Object(App\Controllers\Web))
 6 SYSTEMPATH\CodeIgniter.php(361): CodeIgniter\CodeIgniter->handleRequest(null, Object(Config\Cache), false)
 7 FCPATH\index.php(79): CodeIgniter\CodeIgniter->run()
CRITICAL - 2023-12-29 08:12:17 --> syntax error, unexpected end of file
in APPPATH\Views\profil\beranda_coba.php on line 132.
 1 SYSTEMPATH\View\View.php(231): CodeIgniter\View\View->CodeIgniter\View\{closure}()
 2 SYSTEMPATH\Common.php(1190): CodeIgniter\View\View->render('profil/beranda_coba.php', [], true)
 3 APPPATH\Controllers\Web.php(39): view('profil/beranda_coba.php')
 4 SYSTEMPATH\CodeIgniter.php(939): App\Controllers\Web->coba()
 5 SYSTEMPATH\CodeIgniter.php(502): CodeIgniter\CodeIgniter->runController(Object(App\Controllers\Web))
 6 SYSTEMPATH\CodeIgniter.php(361): CodeIgniter\CodeIgniter->handleRequest(null, Object(Config\Cache), false)
 7 FCPATH\index.php(79): CodeIgniter\CodeIgniter->run()
CRITICAL - 2023-12-29 08:12:19 --> syntax error, unexpected end of file
in APPPATH\Views\profil\beranda_coba.php on line 132.
 1 SYSTEMPATH\View\View.php(231): CodeIgniter\View\View->CodeIgniter\View\{closure}()
 2 SYSTEMPATH\Common.php(1190): CodeIgniter\View\View->render('profil/beranda_coba.php', [], true)
 3 APPPATH\Controllers\Web.php(39): view('profil/beranda_coba.php')
 4 SYSTEMPATH\CodeIgniter.php(939): App\Controllers\Web->coba()
 5 SYSTEMPATH\CodeIgniter.php(502): CodeIgniter\CodeIgniter->runController(Object(App\Controllers\Web))
 6 SYSTEMPATH\CodeIgniter.php(361): CodeIgniter\CodeIgniter->handleRequest(null, Object(Config\Cache), false)
 7 FCPATH\index.php(79): CodeIgniter\CodeIgniter->run()
CRITICAL - 2023-12-29 08:12:19 --> syntax error, unexpected end of file
in APPPATH\Views\profil\beranda_coba.php on line 132.
 1 SYSTEMPATH\View\View.php(231): CodeIgniter\View\View->CodeIgniter\View\{closure}()
 2 SYSTEMPATH\Common.php(1190): CodeIgniter\View\View->render('profil/beranda_coba.php', [], true)
 3 APPPATH\Controllers\Web.php(39): view('profil/beranda_coba.php')
 4 SYSTEMPATH\CodeIgniter.php(939): App\Controllers\Web->coba()
 5 SYSTEMPATH\CodeIgniter.php(502): CodeIgniter\CodeIgniter->runController(Object(App\Controllers\Web))
 6 SYSTEMPATH\CodeIgniter.php(361): CodeIgniter\CodeIgniter->handleRequest(null, Object(Config\Cache), false)
 7 FCPATH\index.php(79): CodeIgniter\CodeIgniter->run()
CRITICAL - 2023-12-29 08:12:20 --> syntax error, unexpected end of file
in APPPATH\Views\profil\beranda_coba.php on line 132.
 1 SYSTEMPATH\View\View.php(231): CodeIgniter\View\View->CodeIgniter\View\{closure}()
 2 SYSTEMPATH\Common.php(1190): CodeIgniter\View\View->render('profil/beranda_coba.php', [], true)
 3 APPPATH\Controllers\Web.php(39): view('profil/beranda_coba.php')
 4 SYSTEMPATH\CodeIgniter.php(939): App\Controllers\Web->coba()
 5 SYSTEMPATH\CodeIgniter.php(502): CodeIgniter\CodeIgniter->runController(Object(App\Controllers\Web))
 6 SYSTEMPATH\CodeIgniter.php(361): CodeIgniter\CodeIgniter->handleRequest(null, Object(Config\Cache), false)
 7 FCPATH\index.php(79): CodeIgniter\CodeIgniter->run()
CRITICAL - 2023-12-29 08:12:21 --> syntax error, unexpected end of file
in APPPATH\Views\profil\beranda_coba.php on line 132.
 1 SYSTEMPATH\View\View.php(231): CodeIgniter\View\View->CodeIgniter\View\{closure}()
 2 SYSTEMPATH\Common.php(1190): CodeIgniter\View\View->render('profil/beranda_coba.php', [], true)
 3 APPPATH\Controllers\Web.php(39): view('profil/beranda_coba.php')
 4 SYSTEMPATH\CodeIgniter.php(939): App\Controllers\Web->coba()
 5 SYSTEMPATH\CodeIgniter.php(502): CodeIgniter\CodeIgniter->runController(Object(App\Controllers\Web))
 6 SYSTEMPATH\CodeIgniter.php(361): CodeIgniter\CodeIgniter->handleRequest(null, Object(Config\Cache), false)
 7 FCPATH\index.php(79): CodeIgniter\CodeIgniter->run()
CRITICAL - 2023-12-29 08:12:21 --> syntax error, unexpected end of file
in APPPATH\Views\profil\beranda_coba.php on line 132.
 1 SYSTEMPATH\View\View.php(231): CodeIgniter\View\View->CodeIgniter\View\{closure}()
 2 SYSTEMPATH\Common.php(1190): CodeIgniter\View\View->render('profil/beranda_coba.php', [], true)
 3 APPPATH\Controllers\Web.php(39): view('profil/beranda_coba.php')
 4 SYSTEMPATH\CodeIgniter.php(939): App\Controllers\Web->coba()
 5 SYSTEMPATH\CodeIgniter.php(502): CodeIgniter\CodeIgniter->runController(Object(App\Controllers\Web))
 6 SYSTEMPATH\CodeIgniter.php(361): CodeIgniter\CodeIgniter->handleRequest(null, Object(Config\Cache), false)
 7 FCPATH\index.php(79): CodeIgniter\CodeIgniter->run()
CRITICAL - 2023-12-29 08:12:22 --> syntax error, unexpected end of file
in APPPATH\Views\profil\beranda_coba.php on line 132.
 1 SYSTEMPATH\View\View.php(231): CodeIgniter\View\View->CodeIgniter\View\{closure}()
 2 SYSTEMPATH\Common.php(1190): CodeIgniter\View\View->render('profil/beranda_coba.php', [], true)
 3 APPPATH\Controllers\Web.php(39): view('profil/beranda_coba.php')
 4 SYSTEMPATH\CodeIgniter.php(939): App\Controllers\Web->coba()
 5 SYSTEMPATH\CodeIgniter.php(502): CodeIgniter\CodeIgniter->runController(Object(App\Controllers\Web))
 6 SYSTEMPATH\CodeIgniter.php(361): CodeIgniter\CodeIgniter->handleRequest(null, Object(Config\Cache), false)
 7 FCPATH\index.php(79): CodeIgniter\CodeIgniter->run()
CRITICAL - 2023-12-29 08:14:46 --> syntax error, unexpected end of file
in APPPATH\Views\profil\beranda_coba.php on line 130.
 1 SYSTEMPATH\View\View.php(231): CodeIgniter\View\View->CodeIgniter\View\{closure}()
 2 SYSTEMPATH\Common.php(1190): CodeIgniter\View\View->render('profil/beranda_coba.php', [], true)
 3 APPPATH\Controllers\Web.php(39): view('profil/beranda_coba.php')
 4 SYSTEMPATH\CodeIgniter.php(939): App\Controllers\Web->coba()
 5 SYSTEMPATH\CodeIgniter.php(502): CodeIgniter\CodeIgniter->runController(Object(App\Controllers\Web))
 6 SYSTEMPATH\CodeIgniter.php(361): CodeIgniter\CodeIgniter->handleRequest(null, Object(Config\Cache), false)
 7 FCPATH\index.php(79): CodeIgniter\CodeIgniter->run()
CRITICAL - 2023-12-29 08:14:46 --> syntax error, unexpected end of file
in APPPATH\Views\profil\beranda_coba.php on line 130.
 1 SYSTEMPATH\View\View.php(231): CodeIgniter\View\View->CodeIgniter\View\{closure}()
 2 SYSTEMPATH\Common.php(1190): CodeIgniter\View\View->render('profil/beranda_coba.php', [], true)
 3 APPPATH\Controllers\Web.php(39): view('profil/beranda_coba.php')
 4 SYSTEMPATH\CodeIgniter.php(939): App\Controllers\Web->coba()
 5 SYSTEMPATH\CodeIgniter.php(502): CodeIgniter\CodeIgniter->runController(Object(App\Controllers\Web))
 6 SYSTEMPATH\CodeIgniter.php(361): CodeIgniter\CodeIgniter->handleRequest(null, Object(Config\Cache), false)
 7 FCPATH\index.php(79): CodeIgniter\CodeIgniter->run()
CRITICAL - 2023-12-29 08:14:47 --> syntax error, unexpected end of file
in APPPATH\Views\profil\beranda_coba.php on line 130.
 1 SYSTEMPATH\View\View.php(231): CodeIgniter\View\View->CodeIgniter\View\{closure}()
 2 SYSTEMPATH\Common.php(1190): CodeIgniter\View\View->render('profil/beranda_coba.php', [], true)
 3 APPPATH\Controllers\Web.php(39): view('profil/beranda_coba.php')
 4 SYSTEMPATH\CodeIgniter.php(939): App\Controllers\Web->coba()
 5 SYSTEMPATH\CodeIgniter.php(502): CodeIgniter\CodeIgniter->runController(Object(App\Controllers\Web))
 6 SYSTEMPATH\CodeIgniter.php(361): CodeIgniter\CodeIgniter->handleRequest(null, Object(Config\Cache), false)
 7 FCPATH\index.php(79): CodeIgniter\CodeIgniter->run()
CRITICAL - 2023-12-29 08:14:48 --> syntax error, unexpected end of file
in APPPATH\Views\profil\beranda_coba.php on line 130.
 1 SYSTEMPATH\View\View.php(231): CodeIgniter\View\View->CodeIgniter\View\{closure}()
 2 SYSTEMPATH\Common.php(1190): CodeIgniter\View\View->render('profil/beranda_coba.php', [], true)
 3 APPPATH\Controllers\Web.php(39): view('profil/beranda_coba.php')
 4 SYSTEMPATH\CodeIgniter.php(939): App\Controllers\Web->coba()
 5 SYSTEMPATH\CodeIgniter.php(502): CodeIgniter\CodeIgniter->runController(Object(App\Controllers\Web))
 6 SYSTEMPATH\CodeIgniter.php(361): CodeIgniter\CodeIgniter->handleRequest(null, Object(Config\Cache), false)
 7 FCPATH\index.php(79): CodeIgniter\CodeIgniter->run()
CRITICAL - 2023-12-29 08:14:48 --> syntax error, unexpected end of file
in APPPATH\Views\profil\beranda_coba.php on line 130.
 1 SYSTEMPATH\View\View.php(231): CodeIgniter\View\View->CodeIgniter\View\{closure}()
 2 SYSTEMPATH\Common.php(1190): CodeIgniter\View\View->render('profil/beranda_coba.php', [], true)
 3 APPPATH\Controllers\Web.php(39): view('profil/beranda_coba.php')
 4 SYSTEMPATH\CodeIgniter.php(939): App\Controllers\Web->coba()
 5 SYSTEMPATH\CodeIgniter.php(502): CodeIgniter\CodeIgniter->runController(Object(App\Controllers\Web))
 6 SYSTEMPATH\CodeIgniter.php(361): CodeIgniter\CodeIgniter->handleRequest(null, Object(Config\Cache), false)
 7 FCPATH\index.php(79): CodeIgniter\CodeIgniter->run()
CRITICAL - 2023-12-29 08:14:48 --> syntax error, unexpected end of file
in APPPATH\Views\profil\beranda_coba.php on line 130.
 1 SYSTEMPATH\View\View.php(231): CodeIgniter\View\View->CodeIgniter\View\{closure}()
 2 SYSTEMPATH\Common.php(1190): CodeIgniter\View\View->render('profil/beranda_coba.php', [], true)
 3 APPPATH\Controllers\Web.php(39): view('profil/beranda_coba.php')
 4 SYSTEMPATH\CodeIgniter.php(939): App\Controllers\Web->coba()
 5 SYSTEMPATH\CodeIgniter.php(502): CodeIgniter\CodeIgniter->runController(Object(App\Controllers\Web))
 6 SYSTEMPATH\CodeIgniter.php(361): CodeIgniter\CodeIgniter->handleRequest(null, Object(Config\Cache), false)
 7 FCPATH\index.php(79): CodeIgniter\CodeIgniter->run()
CRITICAL - 2023-12-29 08:15:19 --> syntax error, unexpected end of file
in APPPATH\Views\profil\beranda_coba.php on line 122.
 1 SYSTEMPATH\View\View.php(231): CodeIgniter\View\View->CodeIgniter\View\{closure}()
 2 SYSTEMPATH\Common.php(1190): CodeIgniter\View\View->render('profil/beranda_coba.php', [], true)
 3 APPPATH\Controllers\Web.php(39): view('profil/beranda_coba.php')
 4 SYSTEMPATH\CodeIgniter.php(939): App\Controllers\Web->coba()
 5 SYSTEMPATH\CodeIgniter.php(502): CodeIgniter\CodeIgniter->runController(Object(App\Controllers\Web))
 6 SYSTEMPATH\CodeIgniter.php(361): CodeIgniter\CodeIgniter->handleRequest(null, Object(Config\Cache), false)
 7 FCPATH\index.php(79): CodeIgniter\CodeIgniter->run()
CRITICAL - 2023-12-29 08:15:20 --> syntax error, unexpected end of file
in APPPATH\Views\profil\beranda_coba.php on line 122.
 1 SYSTEMPATH\View\View.php(231): CodeIgniter\View\View->CodeIgniter\View\{closure}()
 2 SYSTEMPATH\Common.php(1190): CodeIgniter\View\View->render('profil/beranda_coba.php', [], true)
 3 APPPATH\Controllers\Web.php(39): view('profil/beranda_coba.php')
 4 SYSTEMPATH\CodeIgniter.php(939): App\Controllers\Web->coba()
 5 SYSTEMPATH\CodeIgniter.php(502): CodeIgniter\CodeIgniter->runController(Object(App\Controllers\Web))
 6 SYSTEMPATH\CodeIgniter.php(361): CodeIgniter\CodeIgniter->handleRequest(null, Object(Config\Cache), false)
 7 FCPATH\index.php(79): CodeIgniter\CodeIgniter->run()
CRITICAL - 2023-12-29 08:15:20 --> syntax error, unexpected end of file
in APPPATH\Views\profil\beranda_coba.php on line 122.
 1 SYSTEMPATH\View\View.php(231): CodeIgniter\View\View->CodeIgniter\View\{closure}()
 2 SYSTEMPATH\Common.php(1190): CodeIgniter\View\View->render('profil/beranda_coba.php', [], true)
 3 APPPATH\Controllers\Web.php(39): view('profil/beranda_coba.php')
 4 SYSTEMPATH\CodeIgniter.php(939): App\Controllers\Web->coba()
 5 SYSTEMPATH\CodeIgniter.php(502): CodeIgniter\CodeIgniter->runController(Object(App\Controllers\Web))
 6 SYSTEMPATH\CodeIgniter.php(361): CodeIgniter\CodeIgniter->handleRequest(null, Object(Config\Cache), false)
 7 FCPATH\index.php(79): CodeIgniter\CodeIgniter->run()
CRITICAL - 2023-12-29 08:15:21 --> syntax error, unexpected end of file
in APPPATH\Views\profil\beranda_coba.php on line 122.
 1 SYSTEMPATH\View\View.php(231): CodeIgniter\View\View->CodeIgniter\View\{closure}()
 2 SYSTEMPATH\Common.php(1190): CodeIgniter\View\View->render('profil/beranda_coba.php', [], true)
 3 APPPATH\Controllers\Web.php(39): view('profil/beranda_coba.php')
 4 SYSTEMPATH\CodeIgniter.php(939): App\Controllers\Web->coba()
 5 SYSTEMPATH\CodeIgniter.php(502): CodeIgniter\CodeIgniter->runController(Object(App\Controllers\Web))
 6 SYSTEMPATH\CodeIgniter.php(361): CodeIgniter\CodeIgniter->handleRequest(null, Object(Config\Cache), false)
 7 FCPATH\index.php(79): CodeIgniter\CodeIgniter->run()
CRITICAL - 2023-12-29 08:15:21 --> syntax error, unexpected end of file
in APPPATH\Views\profil\beranda_coba.php on line 122.
 1 SYSTEMPATH\View\View.php(231): CodeIgniter\View\View->CodeIgniter\View\{closure}()
 2 SYSTEMPATH\Common.php(1190): CodeIgniter\View\View->render('profil/beranda_coba.php', [], true)
 3 APPPATH\Controllers\Web.php(39): view('profil/beranda_coba.php')
 4 SYSTEMPATH\CodeIgniter.php(939): App\Controllers\Web->coba()
 5 SYSTEMPATH\CodeIgniter.php(502): CodeIgniter\CodeIgniter->runController(Object(App\Controllers\Web))
 6 SYSTEMPATH\CodeIgniter.php(361): CodeIgniter\CodeIgniter->handleRequest(null, Object(Config\Cache), false)
 7 FCPATH\index.php(79): CodeIgniter\CodeIgniter->run()
CRITICAL - 2023-12-29 08:15:21 --> syntax error, unexpected end of file
in APPPATH\Views\profil\beranda_coba.php on line 122.
 1 SYSTEMPATH\View\View.php(231): CodeIgniter\View\View->CodeIgniter\View\{closure}()
 2 SYSTEMPATH\Common.php(1190): CodeIgniter\View\View->render('profil/beranda_coba.php', [], true)
 3 APPPATH\Controllers\Web.php(39): view('profil/beranda_coba.php')
 4 SYSTEMPATH\CodeIgniter.php(939): App\Controllers\Web->coba()
 5 SYSTEMPATH\CodeIgniter.php(502): CodeIgniter\CodeIgniter->runController(Object(App\Controllers\Web))
 6 SYSTEMPATH\CodeIgniter.php(361): CodeIgniter\CodeIgniter->handleRequest(null, Object(Config\Cache), false)
 7 FCPATH\index.php(79): CodeIgniter\CodeIgniter->run()
CRITICAL - 2023-12-29 08:15:54 --> syntax error, unexpected end of file
in APPPATH\Views\profil\beranda_coba.php on line 122.
 1 SYSTEMPATH\View\View.php(231): CodeIgniter\View\View->CodeIgniter\View\{closure}()
 2 SYSTEMPATH\Common.php(1190): CodeIgniter\View\View->render('profil/beranda_coba.php', [], true)
 3 APPPATH\Controllers\Web.php(39): view('profil/beranda_coba.php')
 4 SYSTEMPATH\CodeIgniter.php(939): App\Controllers\Web->coba()
 5 SYSTEMPATH\CodeIgniter.php(502): CodeIgniter\CodeIgniter->runController(Object(App\Controllers\Web))
 6 SYSTEMPATH\CodeIgniter.php(361): CodeIgniter\CodeIgniter->handleRequest(null, Object(Config\Cache), false)
 7 FCPATH\index.php(79): CodeIgniter\CodeIgniter->run()
CRITICAL - 2023-12-29 08:15:54 --> syntax error, unexpected end of file
in APPPATH\Views\profil\beranda_coba.php on line 122.
 1 SYSTEMPATH\View\View.php(231): CodeIgniter\View\View->CodeIgniter\View\{closure}()
 2 SYSTEMPATH\Common.php(1190): CodeIgniter\View\View->render('profil/beranda_coba.php', [], true)
 3 APPPATH\Controllers\Web.php(39): view('profil/beranda_coba.php')
 4 SYSTEMPATH\CodeIgniter.php(939): App\Controllers\Web->coba()
 5 SYSTEMPATH\CodeIgniter.php(502): CodeIgniter\CodeIgniter->runController(Object(App\Controllers\Web))
 6 SYSTEMPATH\CodeIgniter.php(361): CodeIgniter\CodeIgniter->handleRequest(null, Object(Config\Cache), false)
 7 FCPATH\index.php(79): CodeIgniter\CodeIgniter->run()
CRITICAL - 2023-12-29 08:15:55 --> syntax error, unexpected end of file
in APPPATH\Views\profil\beranda_coba.php on line 122.
 1 SYSTEMPATH\View\View.php(231): CodeIgniter\View\View->CodeIgniter\View\{closure}()
 2 SYSTEMPATH\Common.php(1190): CodeIgniter\View\View->render('profil/beranda_coba.php', [], true)
 3 APPPATH\Controllers\Web.php(39): view('profil/beranda_coba.php')
 4 SYSTEMPATH\CodeIgniter.php(939): App\Controllers\Web->coba()
 5 SYSTEMPATH\CodeIgniter.php(502): CodeIgniter\CodeIgniter->runController(Object(App\Controllers\Web))
 6 SYSTEMPATH\CodeIgniter.php(361): CodeIgniter\CodeIgniter->handleRequest(null, Object(Config\Cache), false)
 7 FCPATH\index.php(79): CodeIgniter\CodeIgniter->run()
CRITICAL - 2023-12-29 08:15:56 --> syntax error, unexpected end of file
in APPPATH\Views\profil\beranda_coba.php on line 122.
 1 SYSTEMPATH\View\View.php(231): CodeIgniter\View\View->CodeIgniter\View\{closure}()
 2 SYSTEMPATH\Common.php(1190): CodeIgniter\View\View->render('profil/beranda_coba.php', [], true)
 3 APPPATH\Controllers\Web.php(39): view('profil/beranda_coba.php')
 4 SYSTEMPATH\CodeIgniter.php(939): App\Controllers\Web->coba()
 5 SYSTEMPATH\CodeIgniter.php(502): CodeIgniter\CodeIgniter->runController(Object(App\Controllers\Web))
 6 SYSTEMPATH\CodeIgniter.php(361): CodeIgniter\CodeIgniter->handleRequest(null, Object(Config\Cache), false)
 7 FCPATH\index.php(79): CodeIgniter\CodeIgniter->run()
CRITICAL - 2023-12-29 08:15:56 --> syntax error, unexpected end of file
in APPPATH\Views\profil\beranda_coba.php on line 122.
 1 SYSTEMPATH\View\View.php(231): CodeIgniter\View\View->CodeIgniter\View\{closure}()
 2 SYSTEMPATH\Common.php(1190): CodeIgniter\View\View->render('profil/beranda_coba.php', [], true)
 3 APPPATH\Controllers\Web.php(39): view('profil/beranda_coba.php')
 4 SYSTEMPATH\CodeIgniter.php(939): App\Controllers\Web->coba()
 5 SYSTEMPATH\CodeIgniter.php(502): CodeIgniter\CodeIgniter->runController(Object(App\Controllers\Web))
 6 SYSTEMPATH\CodeIgniter.php(361): CodeIgniter\CodeIgniter->handleRequest(null, Object(Config\Cache), false)
 7 FCPATH\index.php(79): CodeIgniter\CodeIgniter->run()
CRITICAL - 2023-12-29 08:15:56 --> syntax error, unexpected end of file
in APPPATH\Views\profil\beranda_coba.php on line 122.
 1 SYSTEMPATH\View\View.php(231): CodeIgniter\View\View->CodeIgniter\View\{closure}()
 2 SYSTEMPATH\Common.php(1190): CodeIgniter\View\View->render('profil/beranda_coba.php', [], true)
 3 APPPATH\Controllers\Web.php(39): view('profil/beranda_coba.php')
 4 SYSTEMPATH\CodeIgniter.php(939): App\Controllers\Web->coba()
 5 SYSTEMPATH\CodeIgniter.php(502): CodeIgniter\CodeIgniter->runController(Object(App\Controllers\Web))
 6 SYSTEMPATH\CodeIgniter.php(361): CodeIgniter\CodeIgniter->handleRequest(null, Object(Config\Cache), false)
 7 FCPATH\index.php(79): CodeIgniter\CodeIgniter->run()
CRITICAL - 2023-12-29 08:15:57 --> syntax error, unexpected end of file
in APPPATH\Views\profil\beranda_coba.php on line 122.
 1 SYSTEMPATH\View\View.php(231): CodeIgniter\View\View->CodeIgniter\View\{closure}()
 2 SYSTEMPATH\Common.php(1190): CodeIgniter\View\View->render('profil/beranda_coba.php', [], true)
 3 APPPATH\Controllers\Web.php(39): view('profil/beranda_coba.php')
 4 SYSTEMPATH\CodeIgniter.php(939): App\Controllers\Web->coba()
 5 SYSTEMPATH\CodeIgniter.php(502): CodeIgniter\CodeIgniter->runController(Object(App\Controllers\Web))
 6 SYSTEMPATH\CodeIgniter.php(361): CodeIgniter\CodeIgniter->handleRequest(null, Object(Config\Cache), false)
 7 FCPATH\index.php(79): CodeIgniter\CodeIgniter->run()
CRITICAL - 2023-12-29 08:15:57 --> syntax error, unexpected end of file
in APPPATH\Views\profil\beranda_coba.php on line 122.
 1 SYSTEMPATH\View\View.php(231): CodeIgniter\View\View->CodeIgniter\View\{closure}()
 2 SYSTEMPATH\Common.php(1190): CodeIgniter\View\View->render('profil/beranda_coba.php', [], true)
 3 APPPATH\Controllers\Web.php(39): view('profil/beranda_coba.php')
 4 SYSTEMPATH\CodeIgniter.php(939): App\Controllers\Web->coba()
 5 SYSTEMPATH\CodeIgniter.php(502): CodeIgniter\CodeIgniter->runController(Object(App\Controllers\Web))
 6 SYSTEMPATH\CodeIgniter.php(361): CodeIgniter\CodeIgniter->handleRequest(null, Object(Config\Cache), false)
 7 FCPATH\index.php(79): CodeIgniter\CodeIgniter->run()
CRITICAL - 2023-12-29 08:16:16 --> syntax error, unexpected end of file
in APPPATH\Views\profil\beranda_coba.php on line 123.
 1 SYSTEMPATH\View\View.php(231): CodeIgniter\View\View->CodeIgniter\View\{closure}()
 2 SYSTEMPATH\Common.php(1190): CodeIgniter\View\View->render('profil/beranda_coba.php', [], true)
 3 APPPATH\Controllers\Web.php(39): view('profil/beranda_coba.php')
 4 SYSTEMPATH\CodeIgniter.php(939): App\Controllers\Web->coba()
 5 SYSTEMPATH\CodeIgniter.php(502): CodeIgniter\CodeIgniter->runController(Object(App\Controllers\Web))
 6 SYSTEMPATH\CodeIgniter.php(361): CodeIgniter\CodeIgniter->handleRequest(null, Object(Config\Cache), false)
 7 FCPATH\index.php(79): CodeIgniter\CodeIgniter->run()
CRITICAL - 2023-12-29 08:16:17 --> syntax error, unexpected end of file
in APPPATH\Views\profil\beranda_coba.php on line 123.
 1 SYSTEMPATH\View\View.php(231): CodeIgniter\View\View->CodeIgniter\View\{closure}()
 2 SYSTEMPATH\Common.php(1190): CodeIgniter\View\View->render('profil/beranda_coba.php', [], true)
 3 APPPATH\Controllers\Web.php(39): view('profil/beranda_coba.php')
 4 SYSTEMPATH\CodeIgniter.php(939): App\Controllers\Web->coba()
 5 SYSTEMPATH\CodeIgniter.php(502): CodeIgniter\CodeIgniter->runController(Object(App\Controllers\Web))
 6 SYSTEMPATH\CodeIgniter.php(361): CodeIgniter\CodeIgniter->handleRequest(null, Object(Config\Cache), false)
 7 FCPATH\index.php(79): CodeIgniter\CodeIgniter->run()
CRITICAL - 2023-12-29 08:18:57 --> syntax error, unexpected end of file
in APPPATH\Views\profil\beranda_coba.php on line 111.
 1 SYSTEMPATH\View\View.php(231): CodeIgniter\View\View->CodeIgniter\View\{closure}()
 2 SYSTEMPATH\Common.php(1190): CodeIgniter\View\View->render('profil/beranda_coba.php', [], true)
 3 APPPATH\Controllers\Web.php(39): view('profil/beranda_coba.php')
 4 SYSTEMPATH\CodeIgniter.php(939): App\Controllers\Web->coba()
 5 SYSTEMPATH\CodeIgniter.php(502): CodeIgniter\CodeIgniter->runController(Object(App\Controllers\Web))
 6 SYSTEMPATH\CodeIgniter.php(361): CodeIgniter\CodeIgniter->handleRequest(null, Object(Config\Cache), false)
 7 FCPATH\index.php(79): CodeIgniter\CodeIgniter->run()
CRITICAL - 2023-12-29 08:18:58 --> syntax error, unexpected end of file
in APPPATH\Views\profil\beranda_coba.php on line 111.
 1 SYSTEMPATH\View\View.php(231): CodeIgniter\View\View->CodeIgniter\View\{closure}()
 2 SYSTEMPATH\Common.php(1190): CodeIgniter\View\View->render('profil/beranda_coba.php', [], true)
 3 APPPATH\Controllers\Web.php(39): view('profil/beranda_coba.php')
 4 SYSTEMPATH\CodeIgniter.php(939): App\Controllers\Web->coba()
 5 SYSTEMPATH\CodeIgniter.php(502): CodeIgniter\CodeIgniter->runController(Object(App\Controllers\Web))
 6 SYSTEMPATH\CodeIgniter.php(361): CodeIgniter\CodeIgniter->handleRequest(null, Object(Config\Cache), false)
 7 FCPATH\index.php(79): CodeIgniter\CodeIgniter->run()
CRITICAL - 2023-12-29 08:18:59 --> syntax error, unexpected end of file
in APPPATH\Views\profil\beranda_coba.php on line 111.
 1 SYSTEMPATH\View\View.php(231): CodeIgniter\View\View->CodeIgniter\View\{closure}()
 2 SYSTEMPATH\Common.php(1190): CodeIgniter\View\View->render('profil/beranda_coba.php', [], true)
 3 APPPATH\Controllers\Web.php(39): view('profil/beranda_coba.php')
 4 SYSTEMPATH\CodeIgniter.php(939): App\Controllers\Web->coba()
 5 SYSTEMPATH\CodeIgniter.php(502): CodeIgniter\CodeIgniter->runController(Object(App\Controllers\Web))
 6 SYSTEMPATH\CodeIgniter.php(361): CodeIgniter\CodeIgniter->handleRequest(null, Object(Config\Cache), false)
 7 FCPATH\index.php(79): CodeIgniter\CodeIgniter->run()
CRITICAL - 2023-12-29 08:19:00 --> syntax error, unexpected end of file
in APPPATH\Views\profil\beranda_coba.php on line 111.
 1 SYSTEMPATH\View\View.php(231): CodeIgniter\View\View->CodeIgniter\View\{closure}()
 2 SYSTEMPATH\Common.php(1190): CodeIgniter\View\View->render('profil/beranda_coba.php', [], true)
 3 APPPATH\Controllers\Web.php(39): view('profil/beranda_coba.php')
 4 SYSTEMPATH\CodeIgniter.php(939): App\Controllers\Web->coba()
 5 SYSTEMPATH\CodeIgniter.php(502): CodeIgniter\CodeIgniter->runController(Object(App\Controllers\Web))
 6 SYSTEMPATH\CodeIgniter.php(361): CodeIgniter\CodeIgniter->handleRequest(null, Object(Config\Cache), false)
 7 FCPATH\index.php(79): CodeIgniter\CodeIgniter->run()
CRITICAL - 2023-12-29 08:19:01 --> syntax error, unexpected end of file
in APPPATH\Views\profil\beranda_coba.php on line 111.
 1 SYSTEMPATH\View\View.php(231): CodeIgniter\View\View->CodeIgniter\View\{closure}()
 2 SYSTEMPATH\Common.php(1190): CodeIgniter\View\View->render('profil/beranda_coba.php', [], true)
 3 APPPATH\Controllers\Web.php(39): view('profil/beranda_coba.php')
 4 SYSTEMPATH\CodeIgniter.php(939): App\Controllers\Web->coba()
 5 SYSTEMPATH\CodeIgniter.php(502): CodeIgniter\CodeIgniter->runController(Object(App\Controllers\Web))
 6 SYSTEMPATH\CodeIgniter.php(361): CodeIgniter\CodeIgniter->handleRequest(null, Object(Config\Cache), false)
 7 FCPATH\index.php(79): CodeIgniter\CodeIgniter->run()
CRITICAL - 2023-12-29 08:19:02 --> syntax error, unexpected end of file
in APPPATH\Views\profil\beranda_coba.php on line 111.
 1 SYSTEMPATH\View\View.php(231): CodeIgniter\View\View->CodeIgniter\View\{closure}()
 2 SYSTEMPATH\Common.php(1190): CodeIgniter\View\View->render('profil/beranda_coba.php', [], true)
 3 APPPATH\Controllers\Web.php(39): view('profil/beranda_coba.php')
 4 SYSTEMPATH\CodeIgniter.php(939): App\Controllers\Web->coba()
 5 SYSTEMPATH\CodeIgniter.php(502): CodeIgniter\CodeIgniter->runController(Object(App\Controllers\Web))
 6 SYSTEMPATH\CodeIgniter.php(361): CodeIgniter\CodeIgniter->handleRequest(null, Object(Config\Cache), false)
 7 FCPATH\index.php(79): CodeIgniter\CodeIgniter->run()
CRITICAL - 2023-12-29 08:19:03 --> syntax error, unexpected end of file
in APPPATH\Views\profil\beranda_coba.php on line 111.
 1 SYSTEMPATH\View\View.php(231): CodeIgniter\View\View->CodeIgniter\View\{closure}()
 2 SYSTEMPATH\Common.php(1190): CodeIgniter\View\View->render('profil/beranda_coba.php', [], true)
 3 APPPATH\Controllers\Web.php(39): view('profil/beranda_coba.php')
 4 SYSTEMPATH\CodeIgniter.php(939): App\Controllers\Web->coba()
 5 SYSTEMPATH\CodeIgniter.php(502): CodeIgniter\CodeIgniter->runController(Object(App\Controllers\Web))
 6 SYSTEMPATH\CodeIgniter.php(361): CodeIgniter\CodeIgniter->handleRequest(null, Object(Config\Cache), false)
 7 FCPATH\index.php(79): CodeIgniter\CodeIgniter->run()
CRITICAL - 2023-12-29 08:19:10 --> syntax error, unexpected end of file
in APPPATH\Views\profil\beranda_coba.php on line 111.
 1 SYSTEMPATH\View\View.php(231): CodeIgniter\View\View->CodeIgniter\View\{closure}()
 2 SYSTEMPATH\Common.php(1190): CodeIgniter\View\View->render('profil/beranda_coba.php', [], true)
 3 APPPATH\Controllers\Web.php(39): view('profil/beranda_coba.php')
 4 SYSTEMPATH\CodeIgniter.php(939): App\Controllers\Web->coba()
 5 SYSTEMPATH\CodeIgniter.php(502): CodeIgniter\CodeIgniter->runController(Object(App\Controllers\Web))
 6 SYSTEMPATH\CodeIgniter.php(361): CodeIgniter\CodeIgniter->handleRequest(null, Object(Config\Cache), false)
 7 FCPATH\index.php(79): CodeIgniter\CodeIgniter->run()
CRITICAL - 2023-12-29 08:19:10 --> syntax error, unexpected end of file
in APPPATH\Views\profil\beranda_coba.php on line 111.
 1 SYSTEMPATH\View\View.php(231): CodeIgniter\View\View->CodeIgniter\View\{closure}()
 2 SYSTEMPATH\Common.php(1190): CodeIgniter\View\View->render('profil/beranda_coba.php', [], true)
 3 APPPATH\Controllers\Web.php(39): view('profil/beranda_coba.php')
 4 SYSTEMPATH\CodeIgniter.php(939): App\Controllers\Web->coba()
 5 SYSTEMPATH\CodeIgniter.php(502): CodeIgniter\CodeIgniter->runController(Object(App\Controllers\Web))
 6 SYSTEMPATH\CodeIgniter.php(361): CodeIgniter\CodeIgniter->handleRequest(null, Object(Config\Cache), false)
 7 FCPATH\index.php(79): CodeIgniter\CodeIgniter->run()
CRITICAL - 2023-12-29 08:21:04 --> syntax error, unexpected end of file
in APPPATH\Views\profil\beranda_coba.php on line 114.
 1 SYSTEMPATH\View\View.php(231): CodeIgniter\View\View->CodeIgniter\View\{closure}()
 2 SYSTEMPATH\Common.php(1190): CodeIgniter\View\View->render('profil/beranda_coba.php', [], true)
 3 APPPATH\Controllers\Web.php(39): view('profil/beranda_coba.php')
 4 SYSTEMPATH\CodeIgniter.php(939): App\Controllers\Web->coba()
 5 SYSTEMPATH\CodeIgniter.php(502): CodeIgniter\CodeIgniter->runController(Object(App\Controllers\Web))
 6 SYSTEMPATH\CodeIgniter.php(361): CodeIgniter\CodeIgniter->handleRequest(null, Object(Config\Cache), false)
 7 FCPATH\index.php(79): CodeIgniter\CodeIgniter->run()
CRITICAL - 2023-12-29 08:21:40 --> syntax error, unexpected end of file
in APPPATH\Views\profil\beranda_coba.php on line 114.
 1 SYSTEMPATH\View\View.php(231): CodeIgniter\View\View->CodeIgniter\View\{closure}()
 2 SYSTEMPATH\Common.php(1190): CodeIgniter\View\View->render('profil/beranda_coba.php', [], true)
 3 APPPATH\Controllers\Web.php(39): view('profil/beranda_coba.php')
 4 SYSTEMPATH\CodeIgniter.php(939): App\Controllers\Web->coba()
 5 SYSTEMPATH\CodeIgniter.php(502): CodeIgniter\CodeIgniter->runController(Object(App\Controllers\Web))
 6 SYSTEMPATH\CodeIgniter.php(361): CodeIgniter\CodeIgniter->handleRequest(null, Object(Config\Cache), false)
 7 FCPATH\index.php(79): CodeIgniter\CodeIgniter->run()
CRITICAL - 2023-12-29 08:21:41 --> syntax error, unexpected end of file
in APPPATH\Views\profil\beranda_coba.php on line 114.
 1 SYSTEMPATH\View\View.php(231): CodeIgniter\View\View->CodeIgniter\View\{closure}()
 2 SYSTEMPATH\Common.php(1190): CodeIgniter\View\View->render('profil/beranda_coba.php', [], true)
 3 APPPATH\Controllers\Web.php(39): view('profil/beranda_coba.php')
 4 SYSTEMPATH\CodeIgniter.php(939): App\Controllers\Web->coba()
 5 SYSTEMPATH\CodeIgniter.php(502): CodeIgniter\CodeIgniter->runController(Object(App\Controllers\Web))
 6 SYSTEMPATH\CodeIgniter.php(361): CodeIgniter\CodeIgniter->handleRequest(null, Object(Config\Cache), false)
 7 FCPATH\index.php(79): CodeIgniter\CodeIgniter->run()
CRITICAL - 2023-12-29 08:23:29 --> syntax error, unexpected end of file
in APPPATH\Views\profil\beranda_coba.php on line 114.
 1 SYSTEMPATH\View\View.php(231): CodeIgniter\View\View->CodeIgniter\View\{closure}()
 2 SYSTEMPATH\Common.php(1190): CodeIgniter\View\View->render('profil/beranda_coba.php', [], true)
 3 APPPATH\Controllers\Web.php(39): view('profil/beranda_coba.php')
 4 SYSTEMPATH\CodeIgniter.php(939): App\Controllers\Web->coba()
 5 SYSTEMPATH\CodeIgniter.php(502): CodeIgniter\CodeIgniter->runController(Object(App\Controllers\Web))
 6 SYSTEMPATH\CodeIgniter.php(361): CodeIgniter\CodeIgniter->handleRequest(null, Object(Config\Cache), false)
 7 FCPATH\index.php(79): CodeIgniter\CodeIgniter->run()
CRITICAL - 2023-12-29 08:23:30 --> syntax error, unexpected end of file
in APPPATH\Views\profil\beranda_coba.php on line 114.
 1 SYSTEMPATH\View\View.php(231): CodeIgniter\View\View->CodeIgniter\View\{closure}()
 2 SYSTEMPATH\Common.php(1190): CodeIgniter\View\View->render('profil/beranda_coba.php', [], true)
 3 APPPATH\Controllers\Web.php(39): view('profil/beranda_coba.php')
 4 SYSTEMPATH\CodeIgniter.php(939): App\Controllers\Web->coba()
 5 SYSTEMPATH\CodeIgniter.php(502): CodeIgniter\CodeIgniter->runController(Object(App\Controllers\Web))
 6 SYSTEMPATH\CodeIgniter.php(361): CodeIgniter\CodeIgniter->handleRequest(null, Object(Config\Cache), false)
 7 FCPATH\index.php(79): CodeIgniter\CodeIgniter->run()
CRITICAL - 2023-12-29 08:23:31 --> syntax error, unexpected end of file
in APPPATH\Views\profil\beranda_coba.php on line 114.
 1 SYSTEMPATH\View\View.php(231): CodeIgniter\View\View->CodeIgniter\View\{closure}()
 2 SYSTEMPATH\Common.php(1190): CodeIgniter\View\View->render('profil/beranda_coba.php', [], true)
 3 APPPATH\Controllers\Web.php(39): view('profil/beranda_coba.php')
 4 SYSTEMPATH\CodeIgniter.php(939): App\Controllers\Web->coba()
 5 SYSTEMPATH\CodeIgniter.php(502): CodeIgniter\CodeIgniter->runController(Object(App\Controllers\Web))
 6 SYSTEMPATH\CodeIgniter.php(361): CodeIgniter\CodeIgniter->handleRequest(null, Object(Config\Cache), false)
 7 FCPATH\index.php(79): CodeIgniter\CodeIgniter->run()
CRITICAL - 2023-12-29 23:56:58 --> syntax error, unexpected ')'
in APPPATH\Views\profil\beranda.php on line 30.
 1 SYSTEMPATH\View\View.php(231): CodeIgniter\View\View->CodeIgniter\View\{closure}()
 2 SYSTEMPATH\Common.php(1190): CodeIgniter\View\View->render('profil/beranda.php', [], true)
 3 APPPATH\Controllers\Web.php(35): view('profil/beranda.php')
 4 SYSTEMPATH\CodeIgniter.php(939): App\Controllers\Web->beranda()
 5 SYSTEMPATH\CodeIgniter.php(502): CodeIgniter\CodeIgniter->runController(Object(App\Controllers\Web))
 6 SYSTEMPATH\CodeIgniter.php(361): CodeIgniter\CodeIgniter->handleRequest(null, Object(Config\Cache), false)
 7 FCPATH\index.php(79): CodeIgniter\CodeIgniter->run()
CRITICAL - 2023-12-29 23:58:29 --> syntax error, unexpected end of file
in APPPATH\Views\profil\beranda.php on line 237.
 1 SYSTEMPATH\View\View.php(231): CodeIgniter\View\View->CodeIgniter\View\{closure}()
 2 SYSTEMPATH\Common.php(1190): CodeIgniter\View\View->render('profil/beranda.php', [], true)
 3 APPPATH\Controllers\Web.php(35): view('profil/beranda.php')
 4 SYSTEMPATH\CodeIgniter.php(939): App\Controllers\Web->beranda()
 5 SYSTEMPATH\CodeIgniter.php(502): CodeIgniter\CodeIgniter->runController(Object(App\Controllers\Web))
 6 SYSTEMPATH\CodeIgniter.php(361): CodeIgniter\CodeIgniter->handleRequest(null, Object(Config\Cache), false)
 7 FCPATH\index.php(79): CodeIgniter\CodeIgniter->run()
