CRITICAL - 2023-12-31 04:52:42 --> syntax error, unexpected '<=' (T_IS_SMALLER_OR_EQUAL)
in APPPATH\Views\profil\beranda_coba.php on line 265.
 1 SYSTEMPATH\View\View.php(231): CodeIgniter\View\View->CodeIgniter\View\{closure}()
 2 SYSTEMPATH\Common.php(1190): CodeIgniter\View\View->render('profil/beranda_coba.php', [], true)
 3 APPPATH\Controllers\Web.php(39): view('profil/beranda_coba.php')
 4 SYSTEMPATH\CodeIgniter.php(939): App\Controllers\Web->coba()
 5 SYSTEMPATH\CodeIgniter.php(502): CodeIgniter\CodeIgniter->runController(Object(App\Controllers\Web))
 6 SYSTEMPATH\CodeIgniter.php(361): CodeIgniter\CodeIgniter->handleRequest(null, Object(Config\Cache), false)
 7 FCPATH\index.php(79): CodeIgniter\CodeIgniter->run()
CRITICAL - 2023-12-31 04:52:53 --> syntax error, unexpected '<=' (T_IS_SMALLER_OR_EQUAL)
in APPPATH\Views\profil\beranda_coba.php on line 265.
 1 SYSTEMPATH\View\View.php(231): CodeIgniter\View\View->CodeIgniter\View\{closure}()
 2 SYSTEMPATH\Common.php(1190): CodeIgniter\View\View->render('profil/beranda_coba.php', [], true)
 3 APPPATH\Controllers\Web.php(39): view('profil/beranda_coba.php')
 4 SYSTEMPATH\CodeIgniter.php(939): App\Controllers\Web->coba()
 5 SYSTEMPATH\CodeIgniter.php(502): CodeIgniter\CodeIgniter->runController(Object(App\Controllers\Web))
 6 SYSTEMPATH\CodeIgniter.php(361): CodeIgniter\CodeIgniter->handleRequest(null, Object(Config\Cache), false)
 7 FCPATH\index.php(79): CodeIgniter\CodeIgniter->run()
CRITICAL - 2023-12-31 04:52:55 --> syntax error, unexpected '<=' (T_IS_SMALLER_OR_EQUAL)
in APPPATH\Views\profil\beranda_coba.php on line 265.
 1 SYSTEMPATH\View\View.php(231): CodeIgniter\View\View->CodeIgniter\View\{closure}()
 2 SYSTEMPATH\Common.php(1190): CodeIgniter\View\View->render('profil/beranda_coba.php', [], true)
 3 APPPATH\Controllers\Web.php(39): view('profil/beranda_coba.php')
 4 SYSTEMPATH\CodeIgniter.php(939): App\Controllers\Web->coba()
 5 SYSTEMPATH\CodeIgniter.php(502): CodeIgniter\CodeIgniter->runController(Object(App\Controllers\Web))
 6 SYSTEMPATH\CodeIgniter.php(361): CodeIgniter\CodeIgniter->handleRequest(null, Object(Config\Cache), false)
 7 FCPATH\index.php(79): CodeIgniter\CodeIgniter->run()
CRITICAL - 2023-12-31 04:54:40 --> Undefined variable: cekDB
in APPPATH\Views\profil\beranda_coba.php on line 249.
 1 APPPATH\Views\profil\beranda_coba.php(249): CodeIgniter\Debug\Exceptions->errorHandler(8, 'Undefined variable: cekDB', 'C:\\laragon\\www\\geofisikaDNP\\profileWeb\\app\\Views\\profil\\beranda_coba.php', 249, [...])
 2 APPPATH\Views\profil\beranda_coba.php(278): prosesHTML('Info Gempa Mag:4.3 SR, 30-Dec-23 19:59:39 WIB, Lok:10.93 LS,121.29 BT (73 km BaratDaya SABURAIJUA-NTT), Kedlmn:74 Km ::BMKG-KHK')
 3 SYSTEMPATH\View\View.php(228): include('C:\\laragon\\www\\geofisikaDNP\\profileWeb\\app\\Views\\profil\\beranda_coba.php')
 4 SYSTEMPATH\View\View.php(231): CodeIgniter\View\View->CodeIgniter\View\{closure}()
 5 SYSTEMPATH\Common.php(1190): CodeIgniter\View\View->render('profil/beranda_coba.php', [], true)
 6 APPPATH\Controllers\Web.php(39): view('profil/beranda_coba.php')
 7 SYSTEMPATH\CodeIgniter.php(939): App\Controllers\Web->coba()
 8 SYSTEMPATH\CodeIgniter.php(502): CodeIgniter\CodeIgniter->runController(Object(App\Controllers\Web))
 9 SYSTEMPATH\CodeIgniter.php(361): CodeIgniter\CodeIgniter->handleRequest(null, Object(Config\Cache), false)
10 FCPATH\index.php(79): CodeIgniter\CodeIgniter->run()
CRITICAL - 2023-12-31 04:55:56 --> Call to undefined function int()
in APPPATH\Views\profil\beranda_coba.php on line 265.
 1 APPPATH\Views\profil\beranda_coba.php(280): prosesHTML('Info Gempa Mag:4.3 SR, 30-Dec-23 19:59:39 WIB, Lok:10.93 LS,121.29 BT (73 km BaratDaya SABURAIJUA-NTT), Kedlmn:74 Km ::BMKG-KHK')
 2 SYSTEMPATH\View\View.php(228): include('C:\\laragon\\www\\geofisikaDNP\\profileWeb\\app\\Views\\profil\\beranda_coba.php')
 3 SYSTEMPATH\View\View.php(231): CodeIgniter\View\View->CodeIgniter\View\{closure}()
 4 SYSTEMPATH\Common.php(1190): CodeIgniter\View\View->render('profil/beranda_coba.php', [], true)
 5 APPPATH\Controllers\Web.php(39): view('profil/beranda_coba.php')
 6 SYSTEMPATH\CodeIgniter.php(939): App\Controllers\Web->coba()
 7 SYSTEMPATH\CodeIgniter.php(502): CodeIgniter\CodeIgniter->runController(Object(App\Controllers\Web))
 8 SYSTEMPATH\CodeIgniter.php(361): CodeIgniter\CodeIgniter->handleRequest(null, Object(Config\Cache), false)
 9 FCPATH\index.php(79): CodeIgniter\CodeIgniter->run()
CRITICAL - 2023-12-31 05:09:46 --> Undefined variable: db
in APPPATH\Views\profil\beranda_coba.php on line 267.
 1 APPPATH\Views\profil\beranda_coba.php(267): CodeIgniter\Debug\Exceptions->errorHandler(8, 'Undefined variable: db', 'C:\\laragon\\www\\geofisikaDNP\\profileWeb\\app\\Views\\profil\\beranda_coba.php', 267, [...])
 2 APPPATH\Views\profil\beranda_coba.php(296): prosesHTML('Info Gempa Mag:4.3 SR, 27-Des-23 00:09:55 WIB, Lok:11.21 LS,117.31 BT (258 km BaratDaya KODI-SUMBABARATDAYA-NTT), Kedlmn:10 Km ::BMKG-PGR III')
 3 SYSTEMPATH\View\View.php(228): include('C:\\laragon\\www\\geofisikaDNP\\profileWeb\\app\\Views\\profil\\beranda_coba.php')
 4 SYSTEMPATH\View\View.php(231): CodeIgniter\View\View->CodeIgniter\View\{closure}()
 5 SYSTEMPATH\Common.php(1190): CodeIgniter\View\View->render('profil/beranda_coba.php', [], true)
 6 APPPATH\Controllers\Web.php(39): view('profil/beranda_coba.php')
 7 SYSTEMPATH\CodeIgniter.php(939): App\Controllers\Web->coba()
 8 SYSTEMPATH\CodeIgniter.php(502): CodeIgniter\CodeIgniter->runController(Object(App\Controllers\Web))
 9 SYSTEMPATH\CodeIgniter.php(361): CodeIgniter\CodeIgniter->handleRequest(null, Object(Config\Cache), false)
10 FCPATH\index.php(79): CodeIgniter\CodeIgniter->run()
