CRITICAL - 2023-12-26 03:19:33 --> syntax error, unexpected end of file
in APPPATH\Config\Routes.php on line 14.
 1 SYSTEMPATH\CodeIgniter.php(807): CodeIgniter\Router\RouteCollection->loadRoutes()
 2 SYSTEMPATH\CodeIgniter.php(450): CodeIgniter\CodeIgniter->tryToRouteIt(null)
 3 SYSTEMPATH\CodeIgniter.php(361): CodeIgniter\CodeIgniter->handleRequest(null, Object(Config\Cache), false)
 4 FCPATH\index.php(79): CodeIgniter\CodeIgniter->run()
CRITICAL - 2023-12-26 03:19:39 --> syntax error, unexpected end of file
in APPPATH\Config\Routes.php on line 14.
 1 SYSTEMPATH\CodeIgniter.php(807): CodeIgniter\Router\RouteCollection->loadRoutes()
 2 SYSTEMPATH\CodeIgniter.php(450): CodeIgniter\CodeIgniter->tryToRouteIt(null)
 3 SYSTEMPATH\CodeIgniter.php(361): CodeIgniter\CodeIgniter->handleRequest(null, Object(Config\Cache), false)
 4 FCPATH\index.php(79): CodeIgniter\CodeIgniter->run()
CRITICAL - 2023-12-26 03:19:43 --> syntax error, unexpected end of file
in APPPATH\Config\Routes.php on line 14.
 1 SYSTEMPATH\CodeIgniter.php(807): CodeIgniter\Router\RouteCollection->loadRoutes()
 2 SYSTEMPATH\CodeIgniter.php(450): CodeIgniter\CodeIgniter->tryToRouteIt(null)
 3 SYSTEMPATH\CodeIgniter.php(361): CodeIgniter\CodeIgniter->handleRequest(null, Object(Config\Cache), false)
 4 FCPATH\index.php(79): CodeIgniter\CodeIgniter->run()
CRITICAL - 2023-12-26 03:19:46 --> syntax error, unexpected end of file
in APPPATH\Config\Routes.php on line 14.
 1 SYSTEMPATH\CodeIgniter.php(807): CodeIgniter\Router\RouteCollection->loadRoutes()
 2 SYSTEMPATH\CodeIgniter.php(450): CodeIgniter\CodeIgniter->tryToRouteIt(null)
 3 SYSTEMPATH\CodeIgniter.php(361): CodeIgniter\CodeIgniter->handleRequest(null, Object(Config\Cache), false)
 4 FCPATH\index.php(79): CodeIgniter\CodeIgniter->run()
CRITICAL - 2023-12-26 03:31:28 --> simplexml_load_file(https://data.bmkg.go.id/DataMKG/TEWS/autogempa.xml): failed to open stream: A connection attempt failed because the connected party did not properly respond after a period of time, or established connection failed because connected host has failed to respond.

in APPPATH\Views\Layout\template.php on line 82.
 1 [internal function]: CodeIgniter\Debug\Exceptions->errorHandler(2, 'simplexml_load_file(https://data.bmkg.go.id/DataMKG/TEWS/autogempa.xml): failed to open stream: A connection attempt failed because the connected party did not properly respond after a period of time, or established connection failed because connected host has failed to respond.
', 'C:\\laragon\\www\\geofisikaDNP\\profileWeb\\app\\Views\\Layout\\template.php', 82, [])
 2 APPPATH\Views\Layout\template.php(82): simplexml_load_file('https://data.bmkg.go.id/DataMKG/TEWS/autogempa.xml')
 3 SYSTEMPATH\View\View.php(228): include('C:\\laragon\\www\\geofisikaDNP\\profileWeb\\app\\Views\\Layout\\template.php')
 4 SYSTEMPATH\View\View.php(231): CodeIgniter\View\View->CodeIgniter\View\{closure}()
 5 SYSTEMPATH\View\View.php(244): CodeIgniter\View\View->render('Layout/template', [], true)
 6 SYSTEMPATH\Common.php(1190): CodeIgniter\View\View->render('profil/visi', [], true)
 7 APPPATH\Controllers\Web.php(20): view('profil/visi')
 8 SYSTEMPATH\CodeIgniter.php(939): App\Controllers\Web->visiMisi()
 9 SYSTEMPATH\CodeIgniter.php(502): CodeIgniter\CodeIgniter->runController(Object(App\Controllers\Web))
10 SYSTEMPATH\CodeIgniter.php(361): CodeIgniter\CodeIgniter->handleRequest(null, Object(Config\Cache), false)
11 FCPATH\index.php(79): CodeIgniter\CodeIgniter->run()
CRITICAL - 2023-12-26 04:17:56 --> Invalid file: "artikel/artikel_1.php"
in SYSTEMPATH\Exceptions\FrameworkException.php on line 39.
 1 SYSTEMPATH\View\View.php(216): CodeIgniter\Exceptions\FrameworkException::forInvalidFile('artikel/artikel_1.php')
 2 SYSTEMPATH\Common.php(1190): CodeIgniter\View\View->render('artikel/artikel_1', [], true)
 3 APPPATH\Controllers\Web.php(40): view('artikel/artikel_1')
 4 SYSTEMPATH\CodeIgniter.php(939): App\Controllers\Web->artikel('1')
 5 SYSTEMPATH\CodeIgniter.php(502): CodeIgniter\CodeIgniter->runController(Object(App\Controllers\Web))
 6 SYSTEMPATH\CodeIgniter.php(361): CodeIgniter\CodeIgniter->handleRequest(null, Object(Config\Cache), false)
 7 FCPATH\index.php(79): CodeIgniter\CodeIgniter->run()
CRITICAL - 2023-12-26 04:19:03 --> Invalid file: "Layout/template2.php"
in SYSTEMPATH\Exceptions\FrameworkException.php on line 39.
 1 SYSTEMPATH\View\View.php(216): CodeIgniter\Exceptions\FrameworkException::forInvalidFile('Layout/template2.php')
 2 SYSTEMPATH\View\View.php(244): CodeIgniter\View\View->render('Layout/template2', [], true)
 3 SYSTEMPATH\Common.php(1190): CodeIgniter\View\View->render('artikel/artikel_17122023', [], true)
 4 APPPATH\Controllers\Web.php(40): view('artikel/artikel_17122023')
 5 SYSTEMPATH\CodeIgniter.php(939): App\Controllers\Web->artikel('17122023')
 6 SYSTEMPATH\CodeIgniter.php(502): CodeIgniter\CodeIgniter->runController(Object(App\Controllers\Web))
 7 SYSTEMPATH\CodeIgniter.php(361): CodeIgniter\CodeIgniter->handleRequest(null, Object(Config\Cache), false)
 8 FCPATH\index.php(79): CodeIgniter\CodeIgniter->run()
