CRITICAL - 2023-12-30 00:02:49 --> syntax error, unexpected end of file
in APPPATH\Views\profil\beranda.php on line 237.
 1 SYSTEMPATH\View\View.php(231): CodeIgniter\View\View->CodeIgniter\View\{closure}()
 2 SYSTEMPATH\Common.php(1190): CodeIgniter\View\View->render('profil/beranda.php', [], true)
 3 APPPATH\Controllers\Web.php(35): view('profil/beranda.php')
 4 SYSTEMPATH\CodeIgniter.php(939): App\Controllers\Web->beranda()
 5 SYSTEMPATH\CodeIgniter.php(502): CodeIgniter\CodeIgniter->runController(Object(App\Controllers\Web))
 6 SYSTEMPATH\CodeIgniter.php(361): CodeIgniter\CodeIgniter->handleRequest(null, Object(Config\Cache), false)
 7 FCPATH\index.php(79): CodeIgniter\CodeIgniter->run()
CRITICAL - 2023-12-30 00:03:37 --> syntax error, unexpected '}'
in APPPATH\Views\profil\beranda.php on line 39.
 1 SYSTEMPATH\View\View.php(231): CodeIgniter\View\View->CodeIgniter\View\{closure}()
 2 SYSTEMPATH\Common.php(1190): CodeIgniter\View\View->render('profil/beranda.php', [], true)
 3 APPPATH\Controllers\Web.php(35): view('profil/beranda.php')
 4 SYSTEMPATH\CodeIgniter.php(939): App\Controllers\Web->beranda()
 5 SYSTEMPATH\CodeIgniter.php(502): CodeIgniter\CodeIgniter->runController(Object(App\Controllers\Web))
 6 SYSTEMPATH\CodeIgniter.php(361): CodeIgniter\CodeIgniter->handleRequest(null, Object(Config\Cache), false)
 7 FCPATH\index.php(79): CodeIgniter\CodeIgniter->run()
CRITICAL - 2023-12-30 00:04:46 --> syntax error, unexpected end of file
in APPPATH\Views\profil\beranda.php on line 236.
 1 SYSTEMPATH\View\View.php(231): CodeIgniter\View\View->CodeIgniter\View\{closure}()
 2 SYSTEMPATH\Common.php(1190): CodeIgniter\View\View->render('profil/beranda.php', [], true)
 3 APPPATH\Controllers\Web.php(35): view('profil/beranda.php')
 4 SYSTEMPATH\CodeIgniter.php(939): App\Controllers\Web->beranda()
 5 SYSTEMPATH\CodeIgniter.php(502): CodeIgniter\CodeIgniter->runController(Object(App\Controllers\Web))
 6 SYSTEMPATH\CodeIgniter.php(361): CodeIgniter\CodeIgniter->handleRequest(null, Object(Config\Cache), false)
 7 FCPATH\index.php(79): CodeIgniter\CodeIgniter->run()
CRITICAL - 2023-12-30 00:06:56 --> syntax error, unexpected end of file
in APPPATH\Views\profil\beranda.php on line 236.
 1 SYSTEMPATH\View\View.php(231): CodeIgniter\View\View->CodeIgniter\View\{closure}()
 2 SYSTEMPATH\Common.php(1190): CodeIgniter\View\View->render('profil/beranda.php', [], true)
 3 APPPATH\Controllers\Web.php(35): view('profil/beranda.php')
 4 SYSTEMPATH\CodeIgniter.php(939): App\Controllers\Web->beranda()
 5 SYSTEMPATH\CodeIgniter.php(502): CodeIgniter\CodeIgniter->runController(Object(App\Controllers\Web))
 6 SYSTEMPATH\CodeIgniter.php(361): CodeIgniter\CodeIgniter->handleRequest(null, Object(Config\Cache), false)
 7 FCPATH\index.php(79): CodeIgniter\CodeIgniter->run()
CRITICAL - 2023-12-30 00:06:58 --> syntax error, unexpected end of file
in APPPATH\Views\profil\beranda.php on line 236.
 1 SYSTEMPATH\View\View.php(231): CodeIgniter\View\View->CodeIgniter\View\{closure}()
 2 SYSTEMPATH\Common.php(1190): CodeIgniter\View\View->render('profil/beranda.php', [], true)
 3 APPPATH\Controllers\Web.php(35): view('profil/beranda.php')
 4 SYSTEMPATH\CodeIgniter.php(939): App\Controllers\Web->beranda()
 5 SYSTEMPATH\CodeIgniter.php(502): CodeIgniter\CodeIgniter->runController(Object(App\Controllers\Web))
 6 SYSTEMPATH\CodeIgniter.php(361): CodeIgniter\CodeIgniter->handleRequest(null, Object(Config\Cache), false)
 7 FCPATH\index.php(79): CodeIgniter\CodeIgniter->run()
CRITICAL - 2023-12-30 00:07:20 --> syntax error, unexpected end of file
in APPPATH\Views\profil\beranda.php on line 236.
 1 SYSTEMPATH\View\View.php(231): CodeIgniter\View\View->CodeIgniter\View\{closure}()
 2 SYSTEMPATH\Common.php(1190): CodeIgniter\View\View->render('profil/beranda.php', [], true)
 3 APPPATH\Controllers\Web.php(35): view('profil/beranda.php')
 4 SYSTEMPATH\CodeIgniter.php(939): App\Controllers\Web->beranda()
 5 SYSTEMPATH\CodeIgniter.php(502): CodeIgniter\CodeIgniter->runController(Object(App\Controllers\Web))
 6 SYSTEMPATH\CodeIgniter.php(361): CodeIgniter\CodeIgniter->handleRequest(null, Object(Config\Cache), false)
 7 FCPATH\index.php(79): CodeIgniter\CodeIgniter->run()
CRITICAL - 2023-12-30 00:07:38 --> syntax error, unexpected end of file
in APPPATH\Views\profil\beranda.php on line 236.
 1 SYSTEMPATH\View\View.php(231): CodeIgniter\View\View->CodeIgniter\View\{closure}()
 2 SYSTEMPATH\Common.php(1190): CodeIgniter\View\View->render('profil/beranda.php', [], true)
 3 APPPATH\Controllers\Web.php(35): view('profil/beranda.php')
 4 SYSTEMPATH\CodeIgniter.php(939): App\Controllers\Web->beranda()
 5 SYSTEMPATH\CodeIgniter.php(502): CodeIgniter\CodeIgniter->runController(Object(App\Controllers\Web))
 6 SYSTEMPATH\CodeIgniter.php(361): CodeIgniter\CodeIgniter->handleRequest(null, Object(Config\Cache), false)
 7 FCPATH\index.php(79): CodeIgniter\CodeIgniter->run()
CRITICAL - 2023-12-30 00:07:38 --> syntax error, unexpected end of file
in APPPATH\Views\profil\beranda.php on line 236.
 1 SYSTEMPATH\View\View.php(231): CodeIgniter\View\View->CodeIgniter\View\{closure}()
 2 SYSTEMPATH\Common.php(1190): CodeIgniter\View\View->render('profil/beranda.php', [], true)
 3 APPPATH\Controllers\Web.php(35): view('profil/beranda.php')
 4 SYSTEMPATH\CodeIgniter.php(939): App\Controllers\Web->beranda()
 5 SYSTEMPATH\CodeIgniter.php(502): CodeIgniter\CodeIgniter->runController(Object(App\Controllers\Web))
 6 SYSTEMPATH\CodeIgniter.php(361): CodeIgniter\CodeIgniter->handleRequest(null, Object(Config\Cache), false)
 7 FCPATH\index.php(79): CodeIgniter\CodeIgniter->run()
CRITICAL - 2023-12-30 00:08:21 --> syntax error, unexpected end of file
in APPPATH\Views\profil\beranda.php on line 236.
 1 SYSTEMPATH\View\View.php(231): CodeIgniter\View\View->CodeIgniter\View\{closure}()
 2 SYSTEMPATH\Common.php(1190): CodeIgniter\View\View->render('profil/beranda.php', [], true)
 3 APPPATH\Controllers\Web.php(35): view('profil/beranda.php')
 4 SYSTEMPATH\CodeIgniter.php(939): App\Controllers\Web->beranda()
 5 SYSTEMPATH\CodeIgniter.php(502): CodeIgniter\CodeIgniter->runController(Object(App\Controllers\Web))
 6 SYSTEMPATH\CodeIgniter.php(361): CodeIgniter\CodeIgniter->handleRequest(null, Object(Config\Cache), false)
 7 FCPATH\index.php(79): CodeIgniter\CodeIgniter->run()
CRITICAL - 2023-12-30 00:08:22 --> syntax error, unexpected end of file
in APPPATH\Views\profil\beranda.php on line 236.
 1 SYSTEMPATH\View\View.php(231): CodeIgniter\View\View->CodeIgniter\View\{closure}()
 2 SYSTEMPATH\Common.php(1190): CodeIgniter\View\View->render('profil/beranda.php', [], true)
 3 APPPATH\Controllers\Web.php(35): view('profil/beranda.php')
 4 SYSTEMPATH\CodeIgniter.php(939): App\Controllers\Web->beranda()
 5 SYSTEMPATH\CodeIgniter.php(502): CodeIgniter\CodeIgniter->runController(Object(App\Controllers\Web))
 6 SYSTEMPATH\CodeIgniter.php(361): CodeIgniter\CodeIgniter->handleRequest(null, Object(Config\Cache), false)
 7 FCPATH\index.php(79): CodeIgniter\CodeIgniter->run()
CRITICAL - 2023-12-30 00:08:22 --> syntax error, unexpected end of file
in APPPATH\Views\profil\beranda.php on line 236.
 1 SYSTEMPATH\View\View.php(231): CodeIgniter\View\View->CodeIgniter\View\{closure}()
 2 SYSTEMPATH\Common.php(1190): CodeIgniter\View\View->render('profil/beranda.php', [], true)
 3 APPPATH\Controllers\Web.php(35): view('profil/beranda.php')
 4 SYSTEMPATH\CodeIgniter.php(939): App\Controllers\Web->beranda()
 5 SYSTEMPATH\CodeIgniter.php(502): CodeIgniter\CodeIgniter->runController(Object(App\Controllers\Web))
 6 SYSTEMPATH\CodeIgniter.php(361): CodeIgniter\CodeIgniter->handleRequest(null, Object(Config\Cache), false)
 7 FCPATH\index.php(79): CodeIgniter\CodeIgniter->run()
CRITICAL - 2023-12-30 00:08:23 --> syntax error, unexpected end of file
in APPPATH\Views\profil\beranda.php on line 236.
 1 SYSTEMPATH\View\View.php(231): CodeIgniter\View\View->CodeIgniter\View\{closure}()
 2 SYSTEMPATH\Common.php(1190): CodeIgniter\View\View->render('profil/beranda.php', [], true)
 3 APPPATH\Controllers\Web.php(35): view('profil/beranda.php')
 4 SYSTEMPATH\CodeIgniter.php(939): App\Controllers\Web->beranda()
 5 SYSTEMPATH\CodeIgniter.php(502): CodeIgniter\CodeIgniter->runController(Object(App\Controllers\Web))
 6 SYSTEMPATH\CodeIgniter.php(361): CodeIgniter\CodeIgniter->handleRequest(null, Object(Config\Cache), false)
 7 FCPATH\index.php(79): CodeIgniter\CodeIgniter->run()
CRITICAL - 2023-12-30 00:08:23 --> syntax error, unexpected end of file
in APPPATH\Views\profil\beranda.php on line 236.
 1 SYSTEMPATH\View\View.php(231): CodeIgniter\View\View->CodeIgniter\View\{closure}()
 2 SYSTEMPATH\Common.php(1190): CodeIgniter\View\View->render('profil/beranda.php', [], true)
 3 APPPATH\Controllers\Web.php(35): view('profil/beranda.php')
 4 SYSTEMPATH\CodeIgniter.php(939): App\Controllers\Web->beranda()
 5 SYSTEMPATH\CodeIgniter.php(502): CodeIgniter\CodeIgniter->runController(Object(App\Controllers\Web))
 6 SYSTEMPATH\CodeIgniter.php(361): CodeIgniter\CodeIgniter->handleRequest(null, Object(Config\Cache), false)
 7 FCPATH\index.php(79): CodeIgniter\CodeIgniter->run()
CRITICAL - 2023-12-30 00:08:24 --> syntax error, unexpected end of file
in APPPATH\Views\profil\beranda.php on line 236.
 1 SYSTEMPATH\View\View.php(231): CodeIgniter\View\View->CodeIgniter\View\{closure}()
 2 SYSTEMPATH\Common.php(1190): CodeIgniter\View\View->render('profil/beranda.php', [], true)
 3 APPPATH\Controllers\Web.php(35): view('profil/beranda.php')
 4 SYSTEMPATH\CodeIgniter.php(939): App\Controllers\Web->beranda()
 5 SYSTEMPATH\CodeIgniter.php(502): CodeIgniter\CodeIgniter->runController(Object(App\Controllers\Web))
 6 SYSTEMPATH\CodeIgniter.php(361): CodeIgniter\CodeIgniter->handleRequest(null, Object(Config\Cache), false)
 7 FCPATH\index.php(79): CodeIgniter\CodeIgniter->run()
CRITICAL - 2023-12-30 00:08:25 --> syntax error, unexpected end of file
in APPPATH\Views\profil\beranda.php on line 236.
 1 SYSTEMPATH\View\View.php(231): CodeIgniter\View\View->CodeIgniter\View\{closure}()
 2 SYSTEMPATH\Common.php(1190): CodeIgniter\View\View->render('profil/beranda.php', [], true)
 3 APPPATH\Controllers\Web.php(35): view('profil/beranda.php')
 4 SYSTEMPATH\CodeIgniter.php(939): App\Controllers\Web->beranda()
 5 SYSTEMPATH\CodeIgniter.php(502): CodeIgniter\CodeIgniter->runController(Object(App\Controllers\Web))
 6 SYSTEMPATH\CodeIgniter.php(361): CodeIgniter\CodeIgniter->handleRequest(null, Object(Config\Cache), false)
 7 FCPATH\index.php(79): CodeIgniter\CodeIgniter->run()
CRITICAL - 2023-12-30 00:08:26 --> syntax error, unexpected end of file
in APPPATH\Views\profil\beranda.php on line 236.
 1 SYSTEMPATH\View\View.php(231): CodeIgniter\View\View->CodeIgniter\View\{closure}()
 2 SYSTEMPATH\Common.php(1190): CodeIgniter\View\View->render('profil/beranda.php', [], true)
 3 APPPATH\Controllers\Web.php(35): view('profil/beranda.php')
 4 SYSTEMPATH\CodeIgniter.php(939): App\Controllers\Web->beranda()
 5 SYSTEMPATH\CodeIgniter.php(502): CodeIgniter\CodeIgniter->runController(Object(App\Controllers\Web))
 6 SYSTEMPATH\CodeIgniter.php(361): CodeIgniter\CodeIgniter->handleRequest(null, Object(Config\Cache), false)
 7 FCPATH\index.php(79): CodeIgniter\CodeIgniter->run()
CRITICAL - 2023-12-30 00:12:08 --> syntax error, unexpected end of file
in APPPATH\Views\profil\beranda.php on line 236.
 1 SYSTEMPATH\View\View.php(231): CodeIgniter\View\View->CodeIgniter\View\{closure}()
 2 SYSTEMPATH\Common.php(1190): CodeIgniter\View\View->render('profil/beranda.php', [], true)
 3 APPPATH\Controllers\Web.php(35): view('profil/beranda.php')
 4 SYSTEMPATH\CodeIgniter.php(939): App\Controllers\Web->beranda()
 5 SYSTEMPATH\CodeIgniter.php(502): CodeIgniter\CodeIgniter->runController(Object(App\Controllers\Web))
 6 SYSTEMPATH\CodeIgniter.php(361): CodeIgniter\CodeIgniter->handleRequest(null, Object(Config\Cache), false)
 7 FCPATH\index.php(79): CodeIgniter\CodeIgniter->run()
CRITICAL - 2023-12-30 00:12:10 --> syntax error, unexpected end of file
in APPPATH\Views\profil\beranda.php on line 236.
 1 SYSTEMPATH\View\View.php(231): CodeIgniter\View\View->CodeIgniter\View\{closure}()
 2 SYSTEMPATH\Common.php(1190): CodeIgniter\View\View->render('profil/beranda.php', [], true)
 3 APPPATH\Controllers\Web.php(35): view('profil/beranda.php')
 4 SYSTEMPATH\CodeIgniter.php(939): App\Controllers\Web->beranda()
 5 SYSTEMPATH\CodeIgniter.php(502): CodeIgniter\CodeIgniter->runController(Object(App\Controllers\Web))
 6 SYSTEMPATH\CodeIgniter.php(361): CodeIgniter\CodeIgniter->handleRequest(null, Object(Config\Cache), false)
 7 FCPATH\index.php(79): CodeIgniter\CodeIgniter->run()
CRITICAL - 2023-12-30 00:49:41 --> Call to undefined function bacaHTML()
in APPPATH\Views\profil\beranda_coba.php on line 95.
 1 SYSTEMPATH\View\View.php(228): include()
 2 SYSTEMPATH\View\View.php(231): CodeIgniter\View\View->CodeIgniter\View\{closure}()
 3 SYSTEMPATH\Common.php(1190): CodeIgniter\View\View->render('profil/beranda_coba.php', [], true)
 4 APPPATH\Controllers\Web.php(39): view('profil/beranda_coba.php')
 5 SYSTEMPATH\CodeIgniter.php(939): App\Controllers\Web->coba()
 6 SYSTEMPATH\CodeIgniter.php(502): CodeIgniter\CodeIgniter->runController(Object(App\Controllers\Web))
 7 SYSTEMPATH\CodeIgniter.php(361): CodeIgniter\CodeIgniter->handleRequest(null, Object(Config\Cache), false)
 8 FCPATH\index.php(79): CodeIgniter\CodeIgniter->run()
CRITICAL - 2023-12-30 00:54:52 --> syntax error, unexpected '}', expecting ';' or ','
in APPPATH\Views\profil\beranda_coba.php on line 230.
 1 SYSTEMPATH\View\View.php(231): CodeIgniter\View\View->CodeIgniter\View\{closure}()
 2 SYSTEMPATH\Common.php(1190): CodeIgniter\View\View->render('profil/beranda_coba.php', [], true)
 3 APPPATH\Controllers\Web.php(39): view('profil/beranda_coba.php')
 4 SYSTEMPATH\CodeIgniter.php(939): App\Controllers\Web->coba()
 5 SYSTEMPATH\CodeIgniter.php(502): CodeIgniter\CodeIgniter->runController(Object(App\Controllers\Web))
 6 SYSTEMPATH\CodeIgniter.php(361): CodeIgniter\CodeIgniter->handleRequest(null, Object(Config\Cache), false)
 7 FCPATH\index.php(79): CodeIgniter\CodeIgniter->run()
ERROR - 2023-12-30 01:22:22 --> mysqli_sql_exception: You have an error in your SQL syntax; check the manual that corresponds to your MySQL server version for the right syntax to use near 'ORDER BY id DESC' at line 1 in C:\laragon\www\geofisikaDNP\profileWeb\system\Database\MySQLi\Connection.php:306
Stack trace:
#0 C:\laragon\www\geofisikaDNP\profileWeb\system\Database\MySQLi\Connection.php(306): mysqli->query('SELECT infogemp...', 0)
#1 C:\laragon\www\geofisikaDNP\profileWeb\system\Database\BaseConnection.php(693): CodeIgniter\Database\MySQLi\Connection->execute('SELECT infogemp...')
#2 C:\laragon\www\geofisikaDNP\profileWeb\system\Database\BaseConnection.php(607): CodeIgniter\Database\BaseConnection->simpleQuery('SELECT infogemp...')
#3 C:\laragon\www\geofisikaDNP\profileWeb\app\Views\profil\beranda_coba.php(241): CodeIgniter\Database\BaseConnection->query('SELECT infogemp...')
#4 C:\laragon\www\geofisikaDNP\profileWeb\system\View\View.php(228): include('C:\\laragon\\www\\...')
#5 C:\laragon\www\geofisikaDNP\profileWeb\system\View\View.php(231): CodeIgniter\View\View->CodeIgniter\View\{closure}()
#6 C:\laragon\www\geofisikaDNP\profileWeb\system\Common.php(1190): CodeIgniter\View\View->render('profil/beranda_...', Array, true)
#7 C:\laragon\www\geofisikaDNP\profileWeb\app\Controllers\Web.php(39): view('profil/beranda_...')
#8 C:\laragon\www\geofisikaDNP\profileWeb\system\CodeIgniter.php(939): App\Controllers\Web->coba()
#9 C:\laragon\www\geofisikaDNP\profileWeb\system\CodeIgniter.php(502): CodeIgniter\CodeIgniter->runController(Object(App\Controllers\Web))
#10 C:\laragon\www\geofisikaDNP\profileWeb\system\CodeIgniter.php(361): CodeIgniter\CodeIgniter->handleRequest(NULL, Object(Config\Cache), false)
#11 C:\laragon\www\geofisikaDNP\profileWeb\public\index.php(79): CodeIgniter\CodeIgniter->run()
#12 {main}
CRITICAL - 2023-12-30 01:22:22 --> You have an error in your SQL syntax; check the manual that corresponds to your MySQL server version for the right syntax to use near 'ORDER BY id DESC' at line 1
in SYSTEMPATH\Database\BaseConnection.php on line 647.
 1 APPPATH\Views\profil\beranda_coba.php(241): CodeIgniter\Database\BaseConnection->query('SELECT infogempa FROM gempabumi LIMIT 1 ORDER BY id DESC ')
 2 SYSTEMPATH\View\View.php(228): include('C:\\laragon\\www\\geofisikaDNP\\profileWeb\\app\\Views\\profil\\beranda_coba.php')
 3 SYSTEMPATH\View\View.php(231): CodeIgniter\View\View->CodeIgniter\View\{closure}()
 4 SYSTEMPATH\Common.php(1190): CodeIgniter\View\View->render('profil/beranda_coba.php', [], true)
 5 APPPATH\Controllers\Web.php(39): view('profil/beranda_coba.php')
 6 SYSTEMPATH\CodeIgniter.php(939): App\Controllers\Web->coba()
 7 SYSTEMPATH\CodeIgniter.php(502): CodeIgniter\CodeIgniter->runController(Object(App\Controllers\Web))
 8 SYSTEMPATH\CodeIgniter.php(361): CodeIgniter\CodeIgniter->handleRequest(null, Object(Config\Cache), false)
 9 FCPATH\index.php(79): CodeIgniter\CodeIgniter->run()
CRITICAL - 2023-12-30 01:39:40 --> Array to string conversion
in APPPATH\Views\profil\beranda_coba.php on line 229.
 1 APPPATH\Views\profil\beranda_coba.php(229): CodeIgniter\Debug\Exceptions->errorHandler(8, 'Array to string conversion', 'C:\\laragon\\www\\geofisikaDNP\\profileWeb\\app\\Views\\profil\\beranda_coba.php', 229, [...])
 2 APPPATH\Views\profil\beranda_coba.php(239): prosesHTML('Info Gempa Mag:3.7 SR, 27-Des-23 22:16:09 WIB, Lok:11.30 LS,117.94 BT (222 km BaratDaya KODI-SUMBABARATDAYA-NTT), Kedlmn:10 Km ::BMKG-PGR III')
 3 SYSTEMPATH\View\View.php(228): include('C:\\laragon\\www\\geofisikaDNP\\profileWeb\\app\\Views\\profil\\beranda_coba.php')
 4 SYSTEMPATH\View\View.php(231): CodeIgniter\View\View->CodeIgniter\View\{closure}()
 5 SYSTEMPATH\Common.php(1190): CodeIgniter\View\View->render('profil/beranda_coba.php', [], true)
 6 APPPATH\Controllers\Web.php(39): view('profil/beranda_coba.php')
 7 SYSTEMPATH\CodeIgniter.php(939): App\Controllers\Web->coba()
 8 SYSTEMPATH\CodeIgniter.php(502): CodeIgniter\CodeIgniter->runController(Object(App\Controllers\Web))
 9 SYSTEMPATH\CodeIgniter.php(361): CodeIgniter\CodeIgniter->handleRequest(null, Object(Config\Cache), false)
10 FCPATH\index.php(79): CodeIgniter\CodeIgniter->run()
CRITICAL - 2023-12-30 01:40:52 --> Array to string conversion
in APPPATH\Views\profil\beranda_coba.php on line 229.
 1 APPPATH\Views\profil\beranda_coba.php(229): CodeIgniter\Debug\Exceptions->errorHandler(8, 'Array to string conversion', 'C:\\laragon\\www\\geofisikaDNP\\profileWeb\\app\\Views\\profil\\beranda_coba.php', 229, [...])
 2 APPPATH\Views\profil\beranda_coba.php(239): prosesHTML('Info Gempa Mag:3.7 SR, 27-Des-23 22:16:09 WIB, Lok:11.30 LS,117.94 BT (222 km BaratDaya KODI-SUMBABARATDAYA-NTT), Kedlmn:10 Km ::BMKG-PGR III')
 3 SYSTEMPATH\View\View.php(228): include('C:\\laragon\\www\\geofisikaDNP\\profileWeb\\app\\Views\\profil\\beranda_coba.php')
 4 SYSTEMPATH\View\View.php(231): CodeIgniter\View\View->CodeIgniter\View\{closure}()
 5 SYSTEMPATH\Common.php(1190): CodeIgniter\View\View->render('profil/beranda_coba.php', [], true)
 6 APPPATH\Controllers\Web.php(39): view('profil/beranda_coba.php')
 7 SYSTEMPATH\CodeIgniter.php(939): App\Controllers\Web->coba()
 8 SYSTEMPATH\CodeIgniter.php(502): CodeIgniter\CodeIgniter->runController(Object(App\Controllers\Web))
 9 SYSTEMPATH\CodeIgniter.php(361): CodeIgniter\CodeIgniter->handleRequest(null, Object(Config\Cache), false)
10 FCPATH\index.php(79): CodeIgniter\CodeIgniter->run()
CRITICAL - 2023-12-30 01:42:24 --> syntax error, unexpected '$tanggal' (T_VARIABLE)
in APPPATH\Views\profil\beranda_coba.php on line 229.
 1 SYSTEMPATH\View\View.php(231): CodeIgniter\View\View->CodeIgniter\View\{closure}()
 2 SYSTEMPATH\Common.php(1190): CodeIgniter\View\View->render('profil/beranda_coba.php', [], true)
 3 APPPATH\Controllers\Web.php(39): view('profil/beranda_coba.php')
 4 SYSTEMPATH\CodeIgniter.php(939): App\Controllers\Web->coba()
 5 SYSTEMPATH\CodeIgniter.php(502): CodeIgniter\CodeIgniter->runController(Object(App\Controllers\Web))
 6 SYSTEMPATH\CodeIgniter.php(361): CodeIgniter\CodeIgniter->handleRequest(null, Object(Config\Cache), false)
 7 FCPATH\index.php(79): CodeIgniter\CodeIgniter->run()
CRITICAL - 2023-12-30 01:42:38 --> A non-numeric value encountered
in APPPATH\Views\profil\beranda_coba.php on line 229.
 1 APPPATH\Views\profil\beranda_coba.php(229): CodeIgniter\Debug\Exceptions->errorHandler(2, 'A non-numeric value encountered', 'C:\\laragon\\www\\geofisikaDNP\\profileWeb\\app\\Views\\profil\\beranda_coba.php', 229, [...])
 2 APPPATH\Views\profil\beranda_coba.php(241): prosesHTML('Info Gempa Mag:3.7 SR, 27-Des-23 22:16:09 WIB, Lok:11.30 LS,117.94 BT (222 km BaratDaya KODI-SUMBABARATDAYA-NTT), Kedlmn:10 Km ::BMKG-PGR III')
 3 SYSTEMPATH\View\View.php(228): include('C:\\laragon\\www\\geofisikaDNP\\profileWeb\\app\\Views\\profil\\beranda_coba.php')
 4 SYSTEMPATH\View\View.php(231): CodeIgniter\View\View->CodeIgniter\View\{closure}()
 5 SYSTEMPATH\Common.php(1190): CodeIgniter\View\View->render('profil/beranda_coba.php', [], true)
 6 APPPATH\Controllers\Web.php(39): view('profil/beranda_coba.php')
 7 SYSTEMPATH\CodeIgniter.php(939): App\Controllers\Web->coba()
 8 SYSTEMPATH\CodeIgniter.php(502): CodeIgniter\CodeIgniter->runController(Object(App\Controllers\Web))
 9 SYSTEMPATH\CodeIgniter.php(361): CodeIgniter\CodeIgniter->handleRequest(null, Object(Config\Cache), false)
10 FCPATH\index.php(79): CodeIgniter\CodeIgniter->run()
CRITICAL - 2023-12-30 01:48:53 --> Undefined variable: lokasi
in APPPATH\Views\profil\beranda_coba.php on line 234.
 1 APPPATH\Views\profil\beranda_coba.php(234): CodeIgniter\Debug\Exceptions->errorHandler(8, 'Undefined variable: lokasi', 'C:\\laragon\\www\\geofisikaDNP\\profileWeb\\app\\Views\\profil\\beranda_coba.php', 234, [...])
 2 APPPATH\Views\profil\beranda_coba.php(252): prosesHTML('Info Gempa Mag:3.7 SR, 27-Des-23 22:16:09 WIB, Lok:11.30 LS,117.94 BT (222 km BaratDaya KODI-SUMBABARATDAYA-NTT), Kedlmn:10 Km ::BMKG-PGR III')
 3 SYSTEMPATH\View\View.php(228): include('C:\\laragon\\www\\geofisikaDNP\\profileWeb\\app\\Views\\profil\\beranda_coba.php')
 4 SYSTEMPATH\View\View.php(231): CodeIgniter\View\View->CodeIgniter\View\{closure}()
 5 SYSTEMPATH\Common.php(1190): CodeIgniter\View\View->render('profil/beranda_coba.php', [], true)
 6 APPPATH\Controllers\Web.php(39): view('profil/beranda_coba.php')
 7 SYSTEMPATH\CodeIgniter.php(939): App\Controllers\Web->coba()
 8 SYSTEMPATH\CodeIgniter.php(502): CodeIgniter\CodeIgniter->runController(Object(App\Controllers\Web))
 9 SYSTEMPATH\CodeIgniter.php(361): CodeIgniter\CodeIgniter->handleRequest(null, Object(Config\Cache), false)
10 FCPATH\index.php(79): CodeIgniter\CodeIgniter->run()
CRITICAL - 2023-12-30 01:49:24 --> Array to string conversion
in APPPATH\Views\profil\beranda_coba.php on line 242.
 1 APPPATH\Views\profil\beranda_coba.php(242): CodeIgniter\Debug\Exceptions->errorHandler(8, 'Array to string conversion', 'C:\\laragon\\www\\geofisikaDNP\\profileWeb\\app\\Views\\profil\\beranda_coba.php', 242, [...])
 2 APPPATH\Views\profil\beranda_coba.php(252): prosesHTML('Info Gempa Mag:3.7 SR, 27-Des-23 22:16:09 WIB, Lok:11.30 LS,117.94 BT (222 km BaratDaya KODI-SUMBABARATDAYA-NTT), Kedlmn:10 Km ::BMKG-PGR III')
 3 SYSTEMPATH\View\View.php(228): include('C:\\laragon\\www\\geofisikaDNP\\profileWeb\\app\\Views\\profil\\beranda_coba.php')
 4 SYSTEMPATH\View\View.php(231): CodeIgniter\View\View->CodeIgniter\View\{closure}()
 5 SYSTEMPATH\Common.php(1190): CodeIgniter\View\View->render('profil/beranda_coba.php', [], true)
 6 APPPATH\Controllers\Web.php(39): view('profil/beranda_coba.php')
 7 SYSTEMPATH\CodeIgniter.php(939): App\Controllers\Web->coba()
 8 SYSTEMPATH\CodeIgniter.php(502): CodeIgniter\CodeIgniter->runController(Object(App\Controllers\Web))
 9 SYSTEMPATH\CodeIgniter.php(361): CodeIgniter\CodeIgniter->handleRequest(null, Object(Config\Cache), false)
10 FCPATH\index.php(79): CodeIgniter\CodeIgniter->run()
CRITICAL - 2023-12-30 01:52:10 --> syntax error, unexpected '}', expecting ';'
in APPPATH\Views\profil\beranda_coba.php on line 245.
 1 SYSTEMPATH\View\View.php(231): CodeIgniter\View\View->CodeIgniter\View\{closure}()
 2 SYSTEMPATH\Common.php(1190): CodeIgniter\View\View->render('profil/beranda_coba.php', [], true)
 3 APPPATH\Controllers\Web.php(39): view('profil/beranda_coba.php')
 4 SYSTEMPATH\CodeIgniter.php(939): App\Controllers\Web->coba()
 5 SYSTEMPATH\CodeIgniter.php(502): CodeIgniter\CodeIgniter->runController(Object(App\Controllers\Web))
 6 SYSTEMPATH\CodeIgniter.php(361): CodeIgniter\CodeIgniter->handleRequest(null, Object(Config\Cache), false)
 7 FCPATH\index.php(79): CodeIgniter\CodeIgniter->run()
CRITICAL - 2023-12-30 02:39:11 --> Undefined variable: id
in APPPATH\Views\informasiGempaBumi\gempaBumiTerkini.php on line 5.
 1 APPPATH\Views\informasiGempaBumi\gempaBumiTerkini.php(5): CodeIgniter\Debug\Exceptions->errorHandler(8, 'Undefined variable: id', 'C:\\laragon\\www\\geofisikaDNP\\profileWeb\\app\\Views\\informasiGempaBumi\\gempaBumiTerkini.php', 5, [])
 2 SYSTEMPATH\View\View.php(228): include('C:\\laragon\\www\\geofisikaDNP\\profileWeb\\app\\Views\\informasiGempaBumi\\gempaBumiTerkini.php')
 3 SYSTEMPATH\View\View.php(231): CodeIgniter\View\View->CodeIgniter\View\{closure}()
 4 SYSTEMPATH\Common.php(1190): CodeIgniter\View\View->render('informasiGempaBumi/gempaBumiTerkini.php', [], true)
 5 APPPATH\Controllers\Web.php(57): view('informasiGempaBumi/gempaBumiTerkini.php')
 6 SYSTEMPATH\CodeIgniter.php(939): App\Controllers\Web->infogempaterkini()
 7 SYSTEMPATH\CodeIgniter.php(502): CodeIgniter\CodeIgniter->runController(Object(App\Controllers\Web))
 8 SYSTEMPATH\CodeIgniter.php(361): CodeIgniter\CodeIgniter->handleRequest(null, Object(Config\Cache), false)
 9 FCPATH\index.php(79): CodeIgniter\CodeIgniter->run()
CRITICAL - 2023-12-30 02:41:04 --> Undefined offset: 6
in APPPATH\Views\informasiGempaBumi\gempaBumiTerkini.php on line 297.
 1 APPPATH\Views\informasiGempaBumi\gempaBumiTerkini.php(297): CodeIgniter\Debug\Exceptions->errorHandler(8, 'Undefined offset: 6', 'C:\\laragon\\www\\geofisikaDNP\\profileWeb\\app\\Views\\informasiGempaBumi\\gempaBumiTerkini.php', 297, [...])
 2 SYSTEMPATH\View\View.php(228): include('C:\\laragon\\www\\geofisikaDNP\\profileWeb\\app\\Views\\informasiGempaBumi\\gempaBumiTerkini.php')
 3 SYSTEMPATH\View\View.php(231): CodeIgniter\View\View->CodeIgniter\View\{closure}()
 4 SYSTEMPATH\Common.php(1190): CodeIgniter\View\View->render('informasiGempaBumi/gempaBumiTerkini.php', [], true)
 5 APPPATH\Controllers\Web.php(57): view('informasiGempaBumi/gempaBumiTerkini.php')
 6 SYSTEMPATH\CodeIgniter.php(939): App\Controllers\Web->infogempaterkini()
 7 SYSTEMPATH\CodeIgniter.php(502): CodeIgniter\CodeIgniter->runController(Object(App\Controllers\Web))
 8 SYSTEMPATH\CodeIgniter.php(361): CodeIgniter\CodeIgniter->handleRequest(null, Object(Config\Cache), false)
 9 FCPATH\index.php(79): CodeIgniter\CodeIgniter->run()
CRITICAL - 2023-12-30 02:52:06 --> syntax error, unexpected '$created' (T_VARIABLE), expecting ')'
in APPPATH\Views\informasiGempaBumi\gempaBumiTerkini.php on line 293.
 1 SYSTEMPATH\View\View.php(231): CodeIgniter\View\View->CodeIgniter\View\{closure}()
 2 SYSTEMPATH\Common.php(1190): CodeIgniter\View\View->render('informasiGempaBumi/gempaBumiTerkini.php', [], true)
 3 APPPATH\Controllers\Web.php(57): view('informasiGempaBumi/gempaBumiTerkini.php')
 4 SYSTEMPATH\CodeIgniter.php(939): App\Controllers\Web->infogempaterkini()
 5 SYSTEMPATH\CodeIgniter.php(502): CodeIgniter\CodeIgniter->runController(Object(App\Controllers\Web))
 6 SYSTEMPATH\CodeIgniter.php(361): CodeIgniter\CodeIgniter->handleRequest(null, Object(Config\Cache), false)
 7 FCPATH\index.php(79): CodeIgniter\CodeIgniter->run()
CRITICAL - 2023-12-30 02:54:22 --> syntax error, unexpected '$created' (T_VARIABLE), expecting ')'
in APPPATH\Views\informasiGempaBumi\gempaBumiTerkini.php on line 293.
 1 SYSTEMPATH\View\View.php(231): CodeIgniter\View\View->CodeIgniter\View\{closure}()
 2 SYSTEMPATH\Common.php(1190): CodeIgniter\View\View->render('informasiGempaBumi/gempaBumiTerkini.php', [], true)
 3 APPPATH\Controllers\Web.php(57): view('informasiGempaBumi/gempaBumiTerkini.php')
 4 SYSTEMPATH\CodeIgniter.php(939): App\Controllers\Web->infogempaterkini()
 5 SYSTEMPATH\CodeIgniter.php(502): CodeIgniter\CodeIgniter->runController(Object(App\Controllers\Web))
 6 SYSTEMPATH\CodeIgniter.php(361): CodeIgniter\CodeIgniter->handleRequest(null, Object(Config\Cache), false)
 7 FCPATH\index.php(79): CodeIgniter\CodeIgniter->run()
CRITICAL - 2023-12-30 02:54:36 --> syntax error, unexpected '$created' (T_VARIABLE), expecting ')'
in APPPATH\Views\informasiGempaBumi\gempaBumiTerkini.php on line 293.
 1 SYSTEMPATH\View\View.php(231): CodeIgniter\View\View->CodeIgniter\View\{closure}()
 2 SYSTEMPATH\Common.php(1190): CodeIgniter\View\View->render('informasiGempaBumi/gempaBumiTerkini.php', [], true)
 3 APPPATH\Controllers\Web.php(57): view('informasiGempaBumi/gempaBumiTerkini.php')
 4 SYSTEMPATH\CodeIgniter.php(939): App\Controllers\Web->infogempaterkini()
 5 SYSTEMPATH\CodeIgniter.php(502): CodeIgniter\CodeIgniter->runController(Object(App\Controllers\Web))
 6 SYSTEMPATH\CodeIgniter.php(361): CodeIgniter\CodeIgniter->handleRequest(null, Object(Config\Cache), false)
 7 FCPATH\index.php(79): CodeIgniter\CodeIgniter->run()
CRITICAL - 2023-12-30 02:54:38 --> syntax error, unexpected '$created' (T_VARIABLE), expecting ')'
in APPPATH\Views\informasiGempaBumi\gempaBumiTerkini.php on line 293.
 1 SYSTEMPATH\View\View.php(231): CodeIgniter\View\View->CodeIgniter\View\{closure}()
 2 SYSTEMPATH\Common.php(1190): CodeIgniter\View\View->render('informasiGempaBumi/gempaBumiTerkini.php', [], true)
 3 APPPATH\Controllers\Web.php(57): view('informasiGempaBumi/gempaBumiTerkini.php')
 4 SYSTEMPATH\CodeIgniter.php(939): App\Controllers\Web->infogempaterkini()
 5 SYSTEMPATH\CodeIgniter.php(502): CodeIgniter\CodeIgniter->runController(Object(App\Controllers\Web))
 6 SYSTEMPATH\CodeIgniter.php(361): CodeIgniter\CodeIgniter->handleRequest(null, Object(Config\Cache), false)
 7 FCPATH\index.php(79): CodeIgniter\CodeIgniter->run()
CRITICAL - 2023-12-30 02:54:48 --> syntax error, unexpected '$id' (T_VARIABLE), expecting ')'
in APPPATH\Views\informasiGempaBumi\gempaBumiTerkini.php on line 293.
 1 SYSTEMPATH\View\View.php(231): CodeIgniter\View\View->CodeIgniter\View\{closure}()
 2 SYSTEMPATH\Common.php(1190): CodeIgniter\View\View->render('informasiGempaBumi/gempaBumiTerkini.php', [], true)
 3 APPPATH\Controllers\Web.php(57): view('informasiGempaBumi/gempaBumiTerkini.php')
 4 SYSTEMPATH\CodeIgniter.php(939): App\Controllers\Web->infogempaterkini()
 5 SYSTEMPATH\CodeIgniter.php(502): CodeIgniter\CodeIgniter->runController(Object(App\Controllers\Web))
 6 SYSTEMPATH\CodeIgniter.php(361): CodeIgniter\CodeIgniter->handleRequest(null, Object(Config\Cache), false)
 7 FCPATH\index.php(79): CodeIgniter\CodeIgniter->run()
CRITICAL - 2023-12-30 02:54:49 --> syntax error, unexpected '$id' (T_VARIABLE), expecting ')'
in APPPATH\Views\informasiGempaBumi\gempaBumiTerkini.php on line 293.
 1 SYSTEMPATH\View\View.php(231): CodeIgniter\View\View->CodeIgniter\View\{closure}()
 2 SYSTEMPATH\Common.php(1190): CodeIgniter\View\View->render('informasiGempaBumi/gempaBumiTerkini.php', [], true)
 3 APPPATH\Controllers\Web.php(57): view('informasiGempaBumi/gempaBumiTerkini.php')
 4 SYSTEMPATH\CodeIgniter.php(939): App\Controllers\Web->infogempaterkini()
 5 SYSTEMPATH\CodeIgniter.php(502): CodeIgniter\CodeIgniter->runController(Object(App\Controllers\Web))
 6 SYSTEMPATH\CodeIgniter.php(361): CodeIgniter\CodeIgniter->handleRequest(null, Object(Config\Cache), false)
 7 FCPATH\index.php(79): CodeIgniter\CodeIgniter->run()
CRITICAL - 2023-12-30 03:32:27 --> syntax error, unexpected '}'
in APPPATH\Views\informasiGempaBumi\gempaBumiTerkini.php on line 88.
 1 SYSTEMPATH\View\View.php(231): CodeIgniter\View\View->CodeIgniter\View\{closure}()
 2 SYSTEMPATH\Common.php(1190): CodeIgniter\View\View->render('informasiGempaBumi/gempaBumiTerkini.php', [], true)
 3 APPPATH\Controllers\Web.php(57): view('informasiGempaBumi/gempaBumiTerkini.php')
 4 SYSTEMPATH\CodeIgniter.php(939): App\Controllers\Web->infogempaterkini()
 5 SYSTEMPATH\CodeIgniter.php(502): CodeIgniter\CodeIgniter->runController(Object(App\Controllers\Web))
 6 SYSTEMPATH\CodeIgniter.php(361): CodeIgniter\CodeIgniter->handleRequest(null, Object(Config\Cache), false)
 7 FCPATH\index.php(79): CodeIgniter\CodeIgniter->run()
CRITICAL - 2023-12-30 03:33:54 --> syntax error, unexpected 'endforeach' (T_ENDFOREACH)
in APPPATH\Views\informasiGempaBumi\gempaBumiTerkini.php on line 95.
 1 SYSTEMPATH\View\View.php(231): CodeIgniter\View\View->CodeIgniter\View\{closure}()
 2 SYSTEMPATH\Common.php(1190): CodeIgniter\View\View->render('informasiGempaBumi/gempaBumiTerkini.php', [], true)
 3 APPPATH\Controllers\Web.php(57): view('informasiGempaBumi/gempaBumiTerkini.php')
 4 SYSTEMPATH\CodeIgniter.php(939): App\Controllers\Web->infogempaterkini()
 5 SYSTEMPATH\CodeIgniter.php(502): CodeIgniter\CodeIgniter->runController(Object(App\Controllers\Web))
 6 SYSTEMPATH\CodeIgniter.php(361): CodeIgniter\CodeIgniter->handleRequest(null, Object(Config\Cache), false)
 7 FCPATH\index.php(79): CodeIgniter\CodeIgniter->run()
CRITICAL - 2023-12-30 03:38:38 --> Use of undefined constant warna - assumed 'warna' (this will throw an Error in a future version of PHP)
in APPPATH\Views\informasiGempaBumi\gempaBumiTerkini.php on line 94.
 1 APPPATH\Views\informasiGempaBumi\gempaBumiTerkini.php(94): CodeIgniter\Debug\Exceptions->errorHandler(2, 'Use of undefined constant warna - assumed \'warna\' (this will throw an Error in a future version of PHP)', 'C:\\laragon\\www\\geofisikaDNP\\profileWeb\\app\\Views\\informasiGempaBumi\\gempaBumiTerkini.php', 94, [...])
 2 SYSTEMPATH\View\View.php(228): include('C:\\laragon\\www\\geofisikaDNP\\profileWeb\\app\\Views\\informasiGempaBumi\\gempaBumiTerkini.php')
 3 SYSTEMPATH\View\View.php(231): CodeIgniter\View\View->CodeIgniter\View\{closure}()
 4 SYSTEMPATH\Common.php(1190): CodeIgniter\View\View->render('informasiGempaBumi/gempaBumiTerkini.php', [], true)
 5 APPPATH\Controllers\Web.php(57): view('informasiGempaBumi/gempaBumiTerkini.php')
 6 SYSTEMPATH\CodeIgniter.php(939): App\Controllers\Web->infogempaterkini()
 7 SYSTEMPATH\CodeIgniter.php(502): CodeIgniter\CodeIgniter->runController(Object(App\Controllers\Web))
 8 SYSTEMPATH\CodeIgniter.php(361): CodeIgniter\CodeIgniter->handleRequest(null, Object(Config\Cache), false)
 9 FCPATH\index.php(79): CodeIgniter\CodeIgniter->run()
CRITICAL - 2023-12-30 03:40:08 --> syntax error, unexpected '<'
in APPPATH\Views\informasiGempaBumi\gempaBumiTerkini.php on line 87.
 1 SYSTEMPATH\View\View.php(231): CodeIgniter\View\View->CodeIgniter\View\{closure}()
 2 SYSTEMPATH\Common.php(1190): CodeIgniter\View\View->render('informasiGempaBumi/gempaBumiTerkini.php', [], true)
 3 APPPATH\Controllers\Web.php(57): view('informasiGempaBumi/gempaBumiTerkini.php')
 4 SYSTEMPATH\CodeIgniter.php(939): App\Controllers\Web->infogempaterkini()
 5 SYSTEMPATH\CodeIgniter.php(502): CodeIgniter\CodeIgniter->runController(Object(App\Controllers\Web))
 6 SYSTEMPATH\CodeIgniter.php(361): CodeIgniter\CodeIgniter->handleRequest(null, Object(Config\Cache), false)
 7 FCPATH\index.php(79): CodeIgniter\CodeIgniter->run()
CRITICAL - 2023-12-30 03:48:38 --> simplexml_load_file(https://data.bmkg.go.id/DataMKG/TEWS/gempaditerkini.xml): failed to open stream: HTTP request failed! HTTP/1.1 404 Not Found

in APPPATH\Views\profil\beranda.php on line 185.
 1 [internal function]: CodeIgniter\Debug\Exceptions->errorHandler(2, 'simplexml_load_file(https://data.bmkg.go.id/DataMKG/TEWS/gempaditerkini.xml): failed to open stream: HTTP request failed! HTTP/1.1 404 Not Found
', 'C:\\laragon\\www\\geofisikaDNP\\profileWeb\\app\\Views\\profil\\beranda.php', 185, [...])
 2 APPPATH\Views\profil\beranda.php(185): simplexml_load_file('https://data.bmkg.go.id/DataMKG/TEWS/gempaditerkini.xml')
 3 SYSTEMPATH\View\View.php(228): include('C:\\laragon\\www\\geofisikaDNP\\profileWeb\\app\\Views\\profil\\beranda.php')
 4 SYSTEMPATH\View\View.php(231): CodeIgniter\View\View->CodeIgniter\View\{closure}()
 5 SYSTEMPATH\Common.php(1190): CodeIgniter\View\View->render('profil/beranda.php', [], true)
 6 APPPATH\Controllers\Web.php(35): view('profil/beranda.php')
 7 SYSTEMPATH\CodeIgniter.php(939): App\Controllers\Web->beranda()
 8 SYSTEMPATH\CodeIgniter.php(502): CodeIgniter\CodeIgniter->runController(Object(App\Controllers\Web))
 9 SYSTEMPATH\CodeIgniter.php(361): CodeIgniter\CodeIgniter->handleRequest(null, Object(Config\Cache), false)
10 FCPATH\index.php(79): CodeIgniter\CodeIgniter->run()
CRITICAL - 2023-12-30 05:19:54 --> Undefined variable: db
in APPPATH\Views\profil\beranda_coba.php on line 18.
 1 APPPATH\Views\profil\beranda_coba.php(18): CodeIgniter\Debug\Exceptions->errorHandler(8, 'Undefined variable: db', 'C:\\laragon\\www\\geofisikaDNP\\profileWeb\\app\\Views\\profil\\beranda_coba.php', 18, [])
 2 SYSTEMPATH\View\View.php(228): include('C:\\laragon\\www\\geofisikaDNP\\profileWeb\\app\\Views\\profil\\beranda_coba.php')
 3 SYSTEMPATH\View\View.php(231): CodeIgniter\View\View->CodeIgniter\View\{closure}()
 4 SYSTEMPATH\Common.php(1190): CodeIgniter\View\View->render('profil/beranda_coba.php', [], true)
 5 APPPATH\Controllers\Web.php(39): view('profil/beranda_coba.php')
 6 SYSTEMPATH\CodeIgniter.php(939): App\Controllers\Web->coba()
 7 SYSTEMPATH\CodeIgniter.php(502): CodeIgniter\CodeIgniter->runController(Object(App\Controllers\Web))
 8 SYSTEMPATH\CodeIgniter.php(361): CodeIgniter\CodeIgniter->handleRequest(null, Object(Config\Cache), false)
 9 FCPATH\index.php(79): CodeIgniter\CodeIgniter->run()
CRITICAL - 2023-12-30 05:20:52 --> Trying to get property 'infogempa' of non-object
in APPPATH\Views\profil\beranda_coba.php on line 20.
 1 APPPATH\Views\profil\beranda_coba.php(20): CodeIgniter\Debug\Exceptions->errorHandler(8, 'Trying to get property \'infogempa\' of non-object', 'C:\\laragon\\www\\geofisikaDNP\\profileWeb\\app\\Views\\profil\\beranda_coba.php', 20, [...])
 2 SYSTEMPATH\View\View.php(228): include('C:\\laragon\\www\\geofisikaDNP\\profileWeb\\app\\Views\\profil\\beranda_coba.php')
 3 SYSTEMPATH\View\View.php(231): CodeIgniter\View\View->CodeIgniter\View\{closure}()
 4 SYSTEMPATH\Common.php(1190): CodeIgniter\View\View->render('profil/beranda_coba.php', [], true)
 5 APPPATH\Controllers\Web.php(39): view('profil/beranda_coba.php')
 6 SYSTEMPATH\CodeIgniter.php(939): App\Controllers\Web->coba()
 7 SYSTEMPATH\CodeIgniter.php(502): CodeIgniter\CodeIgniter->runController(Object(App\Controllers\Web))
 8 SYSTEMPATH\CodeIgniter.php(361): CodeIgniter\CodeIgniter->handleRequest(null, Object(Config\Cache), false)
 9 FCPATH\index.php(79): CodeIgniter\CodeIgniter->run()
CRITICAL - 2023-12-30 05:22:39 --> Trying to get property 'infogempa' of non-object
in APPPATH\Views\profil\beranda_coba.php on line 20.
 1 APPPATH\Views\profil\beranda_coba.php(20): CodeIgniter\Debug\Exceptions->errorHandler(8, 'Trying to get property \'infogempa\' of non-object', 'C:\\laragon\\www\\geofisikaDNP\\profileWeb\\app\\Views\\profil\\beranda_coba.php', 20, [...])
 2 SYSTEMPATH\View\View.php(228): include('C:\\laragon\\www\\geofisikaDNP\\profileWeb\\app\\Views\\profil\\beranda_coba.php')
 3 SYSTEMPATH\View\View.php(231): CodeIgniter\View\View->CodeIgniter\View\{closure}()
 4 SYSTEMPATH\Common.php(1190): CodeIgniter\View\View->render('profil/beranda_coba.php', [], true)
 5 APPPATH\Controllers\Web.php(39): view('profil/beranda_coba.php')
 6 SYSTEMPATH\CodeIgniter.php(939): App\Controllers\Web->coba()
 7 SYSTEMPATH\CodeIgniter.php(502): CodeIgniter\CodeIgniter->runController(Object(App\Controllers\Web))
 8 SYSTEMPATH\CodeIgniter.php(361): CodeIgniter\CodeIgniter->handleRequest(null, Object(Config\Cache), false)
 9 FCPATH\index.php(79): CodeIgniter\CodeIgniter->run()
CRITICAL - 2023-12-30 05:27:31 --> syntax error, unexpected '$event' (T_VARIABLE)
in APPPATH\Views\profil\beranda_coba.php on line 27.
 1 SYSTEMPATH\View\View.php(231): CodeIgniter\View\View->CodeIgniter\View\{closure}()
 2 SYSTEMPATH\Common.php(1190): CodeIgniter\View\View->render('profil/beranda_coba.php', [], true)
 3 APPPATH\Controllers\Web.php(39): view('profil/beranda_coba.php')
 4 SYSTEMPATH\CodeIgniter.php(939): App\Controllers\Web->coba()
 5 SYSTEMPATH\CodeIgniter.php(502): CodeIgniter\CodeIgniter->runController(Object(App\Controllers\Web))
 6 SYSTEMPATH\CodeIgniter.php(361): CodeIgniter\CodeIgniter->handleRequest(null, Object(Config\Cache), false)
 7 FCPATH\index.php(79): CodeIgniter\CodeIgniter->run()
CRITICAL - 2023-12-30 05:29:42 --> syntax error, unexpected 'echo' (T_ECHO), expecting ';' or ','
in APPPATH\Views\profil\beranda_coba.php on line 21.
 1 SYSTEMPATH\View\View.php(231): CodeIgniter\View\View->CodeIgniter\View\{closure}()
 2 SYSTEMPATH\Common.php(1190): CodeIgniter\View\View->render('profil/beranda_coba.php', [], true)
 3 APPPATH\Controllers\Web.php(39): view('profil/beranda_coba.php')
 4 SYSTEMPATH\CodeIgniter.php(939): App\Controllers\Web->coba()
 5 SYSTEMPATH\CodeIgniter.php(502): CodeIgniter\CodeIgniter->runController(Object(App\Controllers\Web))
 6 SYSTEMPATH\CodeIgniter.php(361): CodeIgniter\CodeIgniter->handleRequest(null, Object(Config\Cache), false)
 7 FCPATH\index.php(79): CodeIgniter\CodeIgniter->run()
CRITICAL - 2023-12-30 05:29:52 --> Object of class CodeIgniter\Database\MySQLi\Result could not be converted to string
in APPPATH\Views\profil\beranda_coba.php on line 20.
 1 SYSTEMPATH\View\View.php(228): include()
 2 SYSTEMPATH\View\View.php(231): CodeIgniter\View\View->CodeIgniter\View\{closure}()
 3 SYSTEMPATH\Common.php(1190): CodeIgniter\View\View->render('profil/beranda_coba.php', [], true)
 4 APPPATH\Controllers\Web.php(39): view('profil/beranda_coba.php')
 5 SYSTEMPATH\CodeIgniter.php(939): App\Controllers\Web->coba()
 6 SYSTEMPATH\CodeIgniter.php(502): CodeIgniter\CodeIgniter->runController(Object(App\Controllers\Web))
 7 SYSTEMPATH\CodeIgniter.php(361): CodeIgniter\CodeIgniter->handleRequest(null, Object(Config\Cache), false)
 8 FCPATH\index.php(79): CodeIgniter\CodeIgniter->run()
